XX#X.....#..XX#.X.XXX.XXXX#........X...X...X..#.....X..X#.XXX...........X.................XXX.#.X.X.X.X....................##.X.#XXXX.X#XXXX.X.X.X.X.X.X.#.X..#XX...#...X...#..X...X...X...X..#XX...X..........#.XXX.XXXXX.X.#X.X........X.#.............X...#XX
XX#..#.X..#..X.....X...X#XX.##X.X.X.X.X.X.X.X.X.#X.X.X.....X..#X.X.#.X.X.X.#X.X.X.X.X.X.X..X............#X.X.X.X.X.X.X.X.X.......#XX...#XX#..................X.X.X.X.X.X.X.X.#..X.X.X.X.#.#.X..X.X.X.X.X.X.X.X.#..X...XXX........XX.X.#X....X.XX.X.X.X.X..X.X.XX
XX.X.XX..X#.X.X.X.X.#.X.X#.X.XXX...............X.......X.XX.X.X.X.X#.X.X...X.X.X.XXXXXXX..X.X.X.#.X#.#.XX.X.X.XXX..#X..#X..X#.X.X.X.X.##XX.XX.X.XX.X.##X.X.X...................#..............X.........#...XXX..X.X.X.X.X.#X.X.X.#..#...X.X.X.X#.X.X.X.X......#
#.....XX.........X............#.X.X.X#.X.#.X.XX.X.X.##..#.........X.X.#.X.X.......#.X.X.X......#.X..X#.X.......XXX.XXX.X..X..X......#...X...#..X.X#.X.#.X.X.X#.X.X.X.X.X.X.X.##.X.X.X.X.#.X.X...X.X.#.X..#X#.X.X.#.........#.#......XXX#..X...............X.X.X.
XX.X.X.X.X.X.X.#X.X.X.X.#.X.X......XX#XXXXXXX......X...XXX.#X.X.X..........#.X.X.X........##.X....#.....X.X.X.X.X.X.X.X.X..#.#X.X.X.#.X#.#.X.XX.................#..X..XXXXXXX.....X.X.X#X.XX.X#..#X#XXXX.#.....#...X.X.X.X....X.X.X.##.X.X.X.X.XX.X.X.X.XX.X.#X.
##X....#X.XX.X.X.....#...XX#XX.#.XX.#X.X.X.#.X.#X.XXX.X.X....#.X.X#.X.X.X.X...##...#.#.X.X.XX..X.X.X.X#X...#..........X...#.....#X............#X.X.#.X.#.X.X.X.#XXX.#X.X.X.X.X.X.X.X.X.X.X.X....X.X.X.X.#.X.##.#.X.X.X.#.#.X.XXXXXXXXX........X#.X.X.X.X........
.X.X.#....X.X.X.X.X.X.X.X.X.X.X.##.............#.#.#.....X.X#......#.X.X.X.X.#...X#.X.XX#...X.X..#..X.X.X.X.X.X.X.X.X..X.XXX.XX.X..#.X.X.X.XX.X...X#XXXXXXXXXXX#X...............X#...........X.#............#.....X.X.X.#.X.X.#.X.X.X..X#.X.XX..........X.X.X.X.
......#.#..........#...............X.X.#.X.X.X.#...X.X.X.....X.#.X............##.X.....#.X.X.X.XXXX..........X.X.X.X..X.X.X.X.#X.XXXXXX..X.X.X.X.X.X.X.#.X.X.X.X.X.X.X.X.X.X.X.X...X.X.X.X#.X.X.X.X.X.X.X.##..#X.XX..................#...#.#X.X.X.X.X.X...#XXX..
X.X.#.X.#.X.X.XX.X.X.X.X.X.X#X.X.#.X.X.XX.X.X.X.X.X.#.X.X.X.X..X.#.X.X.X.X.X.X#.X.#.X.X........#.X.X.#X.X.X.X.......#............X.#.X.#X.#........................X.X.#.X.X.X..#.#.X.X.X...#.....X.X.X#X.XXX.X..X..X.X.X.X.X.X.X.X#...X.X.......X.X.X.X.#..X.#.
..XX.X.X.X.X.X.X#.X.X.X.#.X.X.X.X.X.X.X.#................#.X.X..#X#XX...#XX..........X.X.X.X.#.......#..X.XX.X.X.X.XX.XX.X.X.X.X............X.X.X.X.X.X.X.X.X.X.X.X.X.X.X.X.X.##........XX.X..#X.X.X.X.X.X.X.X.X#.X..##X..#..X...X...XX.X.X.X.X.XX......#.X.....
X#.X......................................X##.X.X.X#.X.X.......#.XXXXX.XX#XX.#.X.X.XX.....XXXXXX.X.X.#.X.#.X....#..#.X.X#.X.X.X.XX#X.X.X.X.XXXXX#XXXXXXXXX..X#X.#X..............#.X.X.#..X#.X...X...................#X.X.X.X.#X.XXX.X.......X.X#X..#.X#.....#.X.
.....#.X.#.X.X.X.X#.X.X.X.X.X.X.X.X.X.X.XX.X.XXX.X..XXX..X.XX.X...XXXX.XXXX..X.XX.#.#X.#.X.X.X..XXXXXXX......#.X.X..............#.X.X.X.X.X.X.X.X.X.X.X.X.X#.X.##.X.X.#X.X#X.#.X.X.X.X..X.....X..X.X.X.#.X.X.X.X.#.X....X...X...XX.X.#.X.X.X.X.X.X.X..X.X.X..#..
X.X##XX.X.X.XXX....X##XXXX.X...X...X...X.#...##..X.X.X.X.#.X.X.#.X.#X.X.#X.#X.X.#.......X......#.#.X.X.X.#X.XXX....X.X.X.X.##.X......................................#X.X.X.X..........X.X.X.X..X...#XX...X...X...X..X.X.X.X.X.X.......X..X#........XX.X.XX.#..#
...XXX..X.#..X.X.XX.X.X.X..X.X..X.X.X.X....#...X..........X.......................X.X.#..#.X.X...........X.X.X.XX.X...X...X...#.X#.X.XX.X.X.X.X.X.X.X.X.X.X.X.X.X.X.X.......X.X.X#X.X.X.....X#XX.#.X.XXX.XX#X.X.#.#.#...........X.X.X.X.X#.X.X.X#.XX.....X.X.X#X
X.X.X.X...#X.....X........X.X.##.X..X.XX.X..#.X.#.X.#.X.XX.#.#X#X.X.X#X.XX.#.XX.X.X.X.X.X...#..X.X.X.X.XX.......X.X.X.X.X#.X.XXX..#X.X.X.X#.X.X.X..X...X..#XXXXX...X.X.X.##..X.X.X.X.X.#.#.X.X.X......#...XX.X.##XXXXX.#.X.X.X.X...XX#........X#X.X.X.##......#X
......X.X.X.X.X.#.X.X.X.#..........X.#.#..X.X...X.#XXXXX.....X.X.X.X.X.X.X#.X.X#.X.X.#.X.X.X.X..XXXXXXX..X.X.X.X.X.#.X.X.X.#X.#.X.X.#....X.X.#.#.X#XX.X.X.X.X.X.X.X.....#...#............#.X.....#.X.#.X.X......X.X.X.X.X.X.X.X.X.X.X.X.X.#.XX.X.X.....#.X.X.#.#
.X.##..X.......X.....#...X.X.X.X.#.......#.X.X#..X..X.X.X.X.X.................................XX.X.X.X.X.#..#........................X.#..........XXX.#..#.........#.X.XXX.XXX.#.XX.X.X.XXX..X.X..#.....X.X.X.#...................#......#XX......X.X.XX#...X...
..#.#.X.#.X.X.X.X.X.XXX.X#..#...#..X.X.X.X......X.#........X.X.X.X.X.X.X.X.X.X.X.X.X.X.X.X.X.X.............XX#.X.X#X.X.X.X.X.X.X.X.#....X.X.X.#X.X.#.#X.X.X.X.X.X.X...XXX...X...X.##.X.X.X.#..#..X.X.X.#.....XXX.X.X.X.X#X.X.X.X.X..X#.XX.#.X.X.#....X.X.X.X.X.X
.X..X....X..#.X...X..XX#XX.#XX.XXX..#XXXX..#.X.X....#X.X.#X.....#...X...#...X...X.X.X.X..XX.X.X.X.X.X.X.X.#.X.X.#.X.X.X.X.XX.X.X.X.X#X.XXXXXXX............X.XX.X.X.X.X.X.X.#.X.#.............XXX.X....#.X.X.X.X.X.X#X.#.#.#.X.X.X.X..X.X......X.X.X.X...........
#..X.#X.X.X.XX.X.X.X#.X.X.X.X.X.X.X#.X.X.X.X..XXX.###..#.#X#.#.XXX.X.X.X.X.X.#.X#.......X........#...#.#.X................#.X.X.X.X.X.X.X.X.X.X#X.X.X.X.X..X.........#.....#....X.X.X.X.X.X.X.X.X.XX.X.....X......#.................X.X.X.X.XX.X.X.X.X.X.X.X.X.#
X#.........X.....#..........................XX.X...XXX.X.XX#..X#X#X...X...X..#XXX.X.X.#..X.#.X.#.#X.#....X#.#.X#.X.X#.X.X.....................#.##.X.X.X..X.X.X.X.X.#..#.X.XX.##...XX#...#.X......X.X.X.X.#.X.X.X.#.X.#.X.X.#.X.X#.X.......X.X..........#XXXXX#X
X#.X.X.#X.X.X.X.X..X.X.X.X.X#.X.X.X.X.X.X.XX....X.X.X.X.X.X.X...XX.X.X.X.X.X.X.X.X.X.#.XX...#...XXX...X.X...#...X....#.X..#.#.X.X.X.X.X.X.X.X...........#......XXXXX#X..XXX...X.X.X.X.X.X..#X.X.#.......#X.....#..##..X..X...X..#...#.X.X.X....#.X.XX.XX.X.X.X.X
X.XXXXX........X.X..#.X#X..#XX...X.#.X#..##XX.#...X...........#X.......................X.X.X.X.X.X.###.#.X.X.X.X.#.X#X..#XXX...#.#.X.X.X.X.X..X.X.X.#.X.#X.#.XX.X.X.X.X..X.X.#......#.....#....#X#.#X.X.#.X.X.XXX.#.X..X.X.X.XX..X#X...##.X#.X##..X#.X.#........
...X.X.XX.X.X.X....#......X.X.X.X#......XX.X...X.#..X#.X.X.X.X..X.X.X.XX.X.X.X.X.X.X.#.......#X#..............XX.#X.X..#X.X.X.X..#.X.X.X.X.X.X.X.X.XXX...#.#X.X.........X.....X.X.X..XX.XX..X.XXX.XXX.XX.....XXX......X.X.#.X.##X.X.X.X##X.X...#.X.......X.X.X.X
.#.....#.X.#.X##.X.X.#.X#X......XXX#X#X.X...X.X#..#...XXX.X...X....X.X..XXX##XXXXXXXXXX.X.X.X....X.X.X.X.X.X.X......#X..........#...........#X.X.#.#X.#.X.X.X...X.X.X.X..X.X.X##.X.X..#...X..#X#...#.X.X#.X.X.X.X#.X.X........#X........#....XX.X.X.X.X.XXXXX...
X..#.X............#.X.X.#.X.X.#X.X.X.X.X.#.X....##X.##.X...X.X.#X.XX...#.X.X.X.X.X.X.X.X.X.X.X#.X.X.X.X.X.X.X.X.X.X.X.X#X.X.X.X#..X.X.X#X.X#..................#X.XX.X.X.X...#....X...XXX.X..#.#.X#.........X....X.X.X.X.X.X.#.X.X.X.X.#X.X.XX........X.X.X.#.X.X
..#.X..X.#.X.X.X.X.........XXX..............X.X.X........#XXX.....X..X.......................#...................#....XXX##..#XX.X.X.X.X.XX..#X.X.X##.X.X.X.X#...X.X.X.X.X.XX.X#...XX.X.X.X......X.X#.X.X.XXX.#.........##..#......#...X.....X.#X.#.X...........
X....#.X.X#...X.X.X.X.#.X.X.X.X.#.X.X.X#.X.X...X.X.#.X.#.#.#.X.X.X.X..##.X.X.X.X.X.X.X.X.X.X..#.XX.X.X.X.X.#.X.X#X.X#..#XX#.X.#..........X.X..XX.X.X.X.X.X.X.#.#.......X...X.X.X.XX.........X#X.X...##.X..X#..#X.X.X.X.#XX.X..X.X.XXX.X..X#.X....X.X.#.X.X.X.#.X
.X.#X#X.X..X.X.......XXX.........X.X.X..X...X.#.....#..#........X....#..X#X.X.X.X.X.X.XXXXX..X.#.X#...#...X.X.X.X.X.X.XXXX.....X.#.X.X.#.....X..................X.#X.X..X.##.......X.X.X.XX.X..X.X.X....XX.#.#XXX.X.X.X.X.X.X.X.XX.X.X.X..XX.X.X.X......XX#..X.#
...X......X.#.#.X.X.X.X.XX.X.XX.X......#.#.X...X.#.X..XXX.X.X.XX.#.X#XX.#XX...........#X.#.X......#X.X#X.XX............#X.X.X.XX..#XX...X.X.#.X.#.X.#.X.X.X.X#X.X.XX#..X..#..#X.X.X...X.X.X#.X......XX.X.....XXX.............#.X.X.......X......#..X#.XX.X.#X.X.
.#..X.###.......##.X....#.X.X.X#.X.X.X......X.X#.X#.X#.X.X.X.X.X.....#...X.X.X.X.#X.#........X.X.XX..X..#X..X.X.X.X.X.X......#X.#X.X.#.XXXX#....#XXXXX#.XX.X.X.X.X.X.#..X..X.X.X.X.X.XX........X.X.X....X.X.X.X.X.X.X.X.X.X#.......X.X.XX.X.X.XX.X...X..........
.X.X.....X.X.X.XX#.X#.X.............X..#.X.X...#X................X.X.X.#.....#.X.XXXXX.X.XX.#XX..#.X#.X.X.X..X##XXXX.X.X.XX.X.........X.X.#.X.X.X.X.X.X#.X.............X..#..........X..X#.X.XX.#.X.X.#....X.......#XX.X.XX..X.X.XX.X.X.....X#.X...#..X.#.X.##X.
..XXX.#.XXX.X.X.X......X.X#X.X.X#.#X.XXXX##.X.X#XX.X.X.X.X.X.X.XX.##X.X..X.X..X.X.X.X.X.X..X.X.X............X.X.X.X....#X.#.##X.X.X.#.........#.X..........#.X.X.X.X.X.XX..X.X.X#X.XX.X...XX#X.........X.#X.X.X#.X..#..X.X.X..X..#.....X.X.X.....X#.#X...#X#XX..
.X.X.X..XX#.......X.XX#.X.X.#.X.##...#.X........#...X..X.X.X.X.X.......X##.#.#............#.....#.X.X.X#.X#X#......X.#.....XXX...#XXXX.X.X.X.XXX..X.X.#.X.X.X.X...XXXXX...X.X.X.X.X.X...##.#X.#.X.X.X.X.X.X....XX.#X.X.......X#X..#.##....#XX.X.X.X.X.X#..X.X.X.
.......X.X..X.X.XX.##..............#....#.X.X.##.X.X.#X.X.X.X.X.X.X.X.X.X.X.X.X.X.X.#.X.X..X.X#..X.X...#..X...X.#X.#..#.#.X.X.X.X.X.X.X.X.X.X.X.X..#..#XXX..X...#X.X.X.X.#X...........##X........XXXX#......X.X.......X.X.X.XXXX.X....X.X..X...X.........X......
#X.X.XX....X.X.X.#...X.X.X.X.X.X.X..X.#....#X#....................##.............X.X.X.X.X..#...X...X.X..XXX.#..#....X.#..........X.............#.X.X.#.X.#.#X.X.........#..X.X#X.X.X.XX.#.X.X.#X.X.X.X.X.XX.X.X.X.X.X.X.X.X.#X.X.X.XX.X.X#.X.XXX.#.X.#.#.X.X.X.
....X.X#.#X........#....X##X.#.X.X.XXXXX.X.XXX.#X.X.X.X.X.X.X.XX.#XX.#.X.X.X#XX.X..........#XX.X.X.X.X.#..X...X..##X#..X.X.X.X.X.X..##.X.#.X.X#......#.........XX.X.X.X.X.#..X.#.XX..X.....X.X.X......#..X........#..................X.........X..#XXXXX.....#..
.X.X#......X.X.X.X.X#X.X.X#.X.X.X.X.X.X.X.X.X.X..#..XX.X.X.X.X.X#.X.X.X.X.X.X.##.X.X.X.XX.#XX............XXX.XXX#.X.X.X.X.X.X.X.X.X.X.#...X...#.X.XX.X.X.X#.X.X.#..X.X.X#...X....X.#X.#.X.X.X.X.X.X.X...X.X.X.X.#.X.X.X#X#X.X.X.X.X#X..X.X.X.XX.X.X.X.X.X.X.#.X.
X.X.X.X.X.X...X.X.X.X.X#......................#.X.X#.X..............................XXXX.X.X.XX.X.X.X.X.XXX...X........................X.XXX.XX#..X.X.X.X..XXX....X.......#.#X.#.........X.........#XX.X.....X.X.X.#.X.X.X.X.X.X.X.X.X..XXXX#.....X........#...X
#......X.X.X.XX..........#.X.X.X.X.X.X.X.X#.X..........#.X#.X#.X.X.X.X.#X.X.#.X.X.XX.X.......#.##X.X.X.X.X.X.X#X.X.X.X##.X.X.X.X.X.X.XX.#.X.XXXX.X........X.X.X.X..X.#.X.X..X...X.X.X.#.XXX.X.X.X.#.X.X.X.X.X..........................X.X.X.X.X.X..X##.X.X.X.X.
..X.X.X......X..#.X.X.X.X...X...X...X.X.X..X..X.X.X.X.XXXX.X...X.X.X.X.X.X.X.X..#X....X.#X.#..................#...XXX...X...X...XXX..X......XXX.X.X.X.X.#.......X.X...#..#.X.X.XXXXXXX#XXX...#...X.........#.X.X.X.X.X.X.XX.#.X.X.X.X.X.........X.X...#.X.X.....
.X.X.X.X.X.#X.X..X#XXXXXX#.X#X.XXX.X......X..X...X...#.#.....XX.X.X.X.#......#.#X.X.#...X..X.X#X.X.X.X.X.X.X.##X.X.X.X.X..#..X.#.X.X..#.X.X..X.......X#X..X.#X.X.X.X.X.X###.....X.X.#.X.X.X.X.X.X.X.X.X.X.#.....##..#...XX.X.X.X.#.X.X.X.X.X.X.X....#X.X.#.X.#X.
.........#X.....X.X.X.X.X.#.X.XXX.X.###X.X.X.#X.XXX#X...#X.XX...........#X.X..X......#.X.X#.X.X.X.X.X#.X.##.##.........X.X.X#X#......X...#..X.X.X.X#X.X.XX..X#X..........X.X.X.X...............#.....#...X.X.X.XXX.X##.X..................X.X.X.X.XX.........#..
.#.X.X.X.X.X#.XX...............X....XX#.......X#.X.X.X.X.#X..X.X.X.X.#X...#.X.XX.#X.X.X...............#.XXX...X.X.X.X#..X....#XX.X.X.XX.X##.....#X.X#...#.X#.X.X.X.X.X#.X.....X.X.X.X.X.X.X.X.X..X.#.#X.X.....#XX.X.X.X.X.#X.X.X.X.X.X.X.X..........X.X.X.X.##X.
X.X.X.#.X#......X.X.X.X.#.X.X.X.#.#..XXX.#.X.X..............#..X..XXXXX.XX.....#...##..X.X#.X.X.X.X.X....#.X.X.X.X.X.X.X.X.#..X.X.X.X.#...X.X.#..#....#...........#....X.X.X.X.....X.X.##X.#X.X.X..#.X.X.X.#.XXX............XXXXXX#X..X#X.X.X.XX.X#X...XXXXX#X..
#..........X.#.X...#...#...#......X.X.X.X.X.X.X.X.X.X.X.X.X...X.X#.X.X.X#.X.#.X..X....#...X.X.X.X.X#X.X#....................#X..........#X.X.X.X#..X.XXX.X.X.X.X.X.X.XX.....X.#.X.X........X.X.X.X..X....#.X.X#.X.X.X.X.X.XX.X.X.X#.X#.##....XX.X.X.X.X.X.X.X.X.
..X.X.X.X.X.X.X.X.X.X.X.#.#..X.X.#...............X#XXXXXXX.#.X...............#..X..X####.X.X.X.X.X.X.X#.#.X.X.#.X.X.X.#.X.X#..X.X.#.X.X.X.........X.X.X.X.XX#.X.....XX.X.X.X#....X.X.X.X.#.........XXX.#....X.....X.#.X.X.X...............#.X.........X.........
.X.X.X.X.#..........X.X..#.#XXXXXXX.X.#.#X.X.X.XX.X.X.X.X.....#.X.X.X.XX.X.X..XX.X.#..X..............#X.#XX#XXXXXX...X...#X..X...#...#XX.X.X.X.X.X.........X...X.X.X......X...X.X.....#...X.X.X.#X..X...##.X.X.X.X.X.X.#.X.X.X.X.#.X.X.X.XXXXX.X.X.X.X..X.#.#.X.
...........X.X.X.X.X.X.X.X.X.X.X.X.X.X#..X.XX.X.X........#.X.X...#.#..X.X.#.#X.....X.X.X.X.X.X.#.X.X....X.X.X.X.X.X.XXX.X...#.X.XXX.X.#.....#XX...X.X.#.X.X.X.X.X.X.X.X.#..X.X.X.X.X.XXX.X#XXXXX...X.X.X.XX.....X.............XXX.X.X.X.X.X.X...#...#.X..XXX#X..
X.#X.X.X.X.#X.X.X.X#...................##.X.X.....#.X.X.#.#.#.X.X....X......X#X.X.X.......#XX.X.X.X.X.X............XXXX.X.X......#.....X.X.X.XXX.X#.#..#...............#..#........#X.#.X.X.#.X.X.X........X.X.X.X.X.X.X.X.XX#.X.............X.X.##.X...X.X.X.#.
X..X.X#.X.X.X........#.X.X.X.X.X.X.X.X........#.X..##X...........#.X..X.X.#..X...X.X.X.X.XXX.........#.XX.X.X.X.X.X.#X.#.X.X.#.X.#X.#.X...X...#..X...#XXXX.X.X.X.X.X.X.X.XXX.X.#.X.X.............#.X.X#.XX#..#X.....X..XX..X....X.X.#X.X.X.#...#.XX#..#X.......X
.X#.X.X.......#.X.X.X.X...X...X.X.X.X..X.X.X.XXX..XXXX.X.X.X.X.X.X.X.X...##.X.X.#.....#..#X.X.X#.X.#...#.X.XXXXX..#...........X.X#.X.X.X.X.X.XXX.XX.XX.X.X#.X.X.X.X.X.X.X.X.X.X.X.X.X.X.#X.X.X.X.......XX.#X...X.X.X.#X.#X..X.#...X.XXXXX#XXXX....#XX.X.X.X.X#..
........#.X#X.X.XX....#X.XX.X.X.......X.#.X.X#X.X.#XX.#.X.X.X.X.X.X.X.X.#........X.X.X..X.......##X..X......#.X.X...#X.X#X##.X................XXX...X..................................XX.X.X.XX.X.X.XX......XX...#......X.X...X.#.X.X.X.X.X..X.X..X.......X...X
.#.X.X.X...X.X.X.XX.X..#.#.X.X.XX.X.X.#............X.....................#.X.X.XX.X.X.X#.X#.#.X..XX#X..X.X.X#....#.X..#.X.X.X.X.X.X.X.#.X#.X#X.X.X.#XX.#.X.X.X.X.X.X.X.X.X.#.X.X.X.X.XX.......#.X.X.X.#X.X.X.X.X.X..X.X.X.XXX.###X...........#.X.X#.X.X.X.XXX.X.
..#..#..X.X.......X.X.XXX......#XXXXXXXX.#.X.X.#.XX.X.X.X.X.X#X.X.XX.X.XX.X.X.X.X............X.#X.X.XX..X.....#.#.X.X.X..........#...#..X...X.......X..X#...X...X.X.XX#XX.X.#..#X.X....#.#X.X.............X#X....XX.#X.....X....#..#.X.X.X.X.........#XX#XXX....
.X..XXX.#X.X.X.X.X.X.X.X.X.X.X.#X.X.X.X.#.X.X.X.X.#....#X.XX.X.#.#.X#.X.X.........X.X.XX.X.XX........X.XX#.X.X..........#.X.X.X.X.X.X.#X.X.X##.X.#.X.X..#X#XXX.X#.#.#X.##....#.##..X#.X....X.X.X.X.X.X.X.#.X.X.XX...X.X.#.#.X.#..X.X.#..X..#.X.X.X#.#.X.X.X.X.X.
..XX.X.XX.....#............##.......................X.X..X.X..............#.#.X.X#.X.#X.X...XX.X.#X.#.XXXXXXXXX.X.X.X.X#XX...X.....#.......X....#XX....#X.X.X.X.X.......##.X.#.X.X....XX.X#.....#XX#XXXXX.......X#.#....#.....X#X...#.###.X.X.X.XX#..........#..
.X.....X.X.X.X.X#.X.X.#.#.#XX.X#X.X.X.X.X.X.#.##X.#.XX.X.....#.X.X.X.X.XX.X.X.X.#........X##....X......XXX.#.#.X.X.X#X#.X.X.XXX.X#..X.X.X.X.#X.#.XXX.X.X.........X.X#X.X..#...X...XX.X....X.#.XX.X.X.X.X.X.#.X.X...#X.X..X.X.X.X.X.X....##..X.X.##..X.X.X.#.X.X.
..X.#X.#....X....#.X.X.X.X.X.X.X.X.X.X.X.X.X.X.X.#.X.X...X.XXXXXX...X#X..X.X.X.X.X.#X.X.X.##X.#X.X.##.X.X...............#...##.#...X.X.X.#........X...X.#.X.X.X.X.#.#....X.X.X.X.#...XX.#X.X.X.X.........#.XX..XX.#...X#XXXXX#.......X.XX.#......#.XXX#X.X......
.X..#....X.#.X.X.......................................XX.#X.X.X.##X.X.#.............#........#.....X...X.#.#.X.X.XX.X.X..X.....X.X........X.X.X#X.X.X....###X.......X.#..........X.X...X#.......#.X.X.X....##X....#.X.X.X.X.X.X.X.#X.#.....X.X.X.X.X..X..#.X#.#
..X..X.X..X.....#.X.X.X.X.X.X.X.X.X.X.X#.X.X.#.#.X#.X.X..................#X.X.XX.X.X.X.#.X.X#XXX.X.#.##..#...X...XX.X.X.#.#.X.XX.X.X.X.X.X.X.#XX##....X.X.X.X.X.X.X.X.X.X.X.X.##X...#X.X...#.X.X..#...X..XXX.X.X.#.X.#..........XXX....X.X.#.#........X.#.....#.
#...X.#..XXX.X.XX#XX..#XXXX#XX...X...X....X...X....X...X.X.X.X.X.X.X.X.X..XX.X.X#.X.#.X.X.X.X.X.X.X.....#..XX.X.X..........X..#.......#.#XX.X#.X.X.X.X...#.......X.......XX#XX.X.XX.X...X.X.X.X.XX.X.XXX.X.......XX.X#.X.X.X.X.X.#.#.#..X.....##X.X.#.....X.X...
.X.#..X.XX#...#XX.#.##X.X.X.X.X.#XX.X.#X.XXX.XXX.#.X.##...#X.X.X.X.X.X.X.#.X........................#.X..#X.X...#X.#X.X.X.#XX.XX.X.X.X...X..........X.#.#.#.##X.X.X.#.X.X.X.X....X.X.X.#........X..X.XXX..X.#.X.X.X.....XXXXXXX......X.X.XX.X.##..X.X.X.X.X.#X.X
....X..X.X.X.X.X.................#.....X.XXX.XXX.XX.X.#X.X..X.X.X.X.X.X.X....#.X.X.X##.X.X.X.X.X.X#..#..X#....X#X....#.X.X.XX#.#..#XX.X.X.X.X.X.X.XX.......#XXX#.....#......#X.#........X.X.#.#...X.X.X.XX...#XX....X.XX.X.X.X.X.X.##....X.X.#.#X#.X.X.X.X.#X.X.
.X.#.X.......#..X.X.#X.X.X.X.X.X.XX.X.X.X.X.X.#.X.#......X#...............#X.X..#..#....X.X.X.X.XX..X.X.X.#.#X.X.X.XX.......X....XXX.........#XX.X.#X.X.X.X.XXX.X.X.XXX.X.#.....#X.X.X.XX#...#..#.......X.X.XXXXX.#X.X.#..........#..X.#...X.X.X.#............X.
XXX#...#.X.X...X.X.X..#X.X..X.X.X..XXX..............X.X.#...X.X.XX.X.X.X.XX.X.XXXX#.X.X.X.X.X.X.X.X....#..#........X#X.X.X.X.X.X..X.X.X.X#X.XXX........X.....#..X.X..XXXXXXX.X.##X.X.X.XXX.X.X.XXX.X.##.....####.........X.X.X.X.XXX.X#..#.........X.X.X.#X.X...
.X.X.#.#XXXXX.X......#X.X.#X......X.X.X.#X.X.#X.X.X.#..#.#.X.X.#X.#.XX.X.#....#.X.X.#X.X............X.X.#.X.X.#X.XX.X...#......#.XX....X.X.X.X.X.X.X.X#X.X#X.#X..X.X#.X.X.X.X.X.X.X.X.#.#.X.X.X.X.X.X..X.#X.X...X.#.X.X.#XXXXXXXXXX...#.XXX.X.X.X.XXXXXXX#.X.##.
......X..X.X.#.X.X.X......X.X.#.X.#......#XXX..#X.X#X.X.............X.X.X.X.#..........X.X.X.X.X.X.X.......XXX..X....X.X.#X.X.#.#X..X.X...........X.X.X.X.X.##.X....................................#.X.#.X#.X.X.#.X.X.X.X.X.X.X.X.X.X.X.X.X.X.#.X.X.#.X.X.X....
.#.XXX.#..........X.X.X.#......#....X.X.X..X.X.#.X.X.X.X.X.X.X.#X.#..........X.X.X.X.X..XXX#X#XXX...X.X.XXX.X.X.##.#...#..#XXX..X.X..X.X.X.X.X.X.X...............#.X#.X.X.X.X.X.X.X.X.#.#.#.X.X.X##..........................................................#X.
.#.X.....X.X.X.X.#....X.X.X.X.XXX.X.X.X#.#..............#.X.XX..X.X.X.X.X.X.#XXXXXXXX..X.X.X.#.X.X.X.#..X..........#X.X.X.X.X..X....X.....X.X.X.X.X.X#.#.X.X.X#.X.X#XXXX..#X.X.XXXXX...X..##.X.X..X.X.X.X.X.X.X.X.X.X.X.X.X.X.X.X#.X.X.X.X.X#.X.X.X.X.X#.X.XXX.#
.X.XX.#X..#.#...XXX.XX.X.X.X.X.X.X.X.X.#...X.X#.X.X.X.X.....#.##.X.X.X.X.X.X.X.#.X.X.X...........##...X..X.X.X.X.X.XXX........#.X.X.XX.X.X............##X.X.XX.XX.X.X.X.X.#.....X.X.X.XX.XXX.....X.X.X.X.X.X.XXXXXXX.X.X.X.X.X.XX.X.#.X..#X....XXXXXXX...#.X....
..X....#.X..X#XX.X.X.X...................XX.X.XX.X.X#.X.X.X...........................#.X.X.#.#X.X.X#...#...#XX.X.X.X.X.X.X.X......X...XX.X.X.X.X.#.X..#...................#X.#.......#.X.X.XX.#...X.#.X.X.X.#X.X.#..X..................X.#.X.X.X.X.X..#..X.#.#.
.#.X.#.#...X.X.X.......#.X.X.X.X.X.#.X.XX......X.....X.X.X..X.#.X.X.X.X.X.X.X.X#.X.X.X.XX.X.X.X......X.X.X.X.X#..........XXX..X.#.X.#.X.X....XXXXXXX..X..X.##.X.X.#.X.X.X.X..XX#.X#X.X.......X.X#X................X.X.X.#X.X.X.X.X.#.#.X.....X.......X.X.X....#.
......#X#.X......#.X.X#...X..#..X...X...XX.#X.#.XX.X.......X...X...X...X.X.X.XX.X.X#...#.X.X.X.X.X.XX.#.......X.#.#.X.#.X.X.XXXX##....X...#.X.X.X.X.XX..XXXXX.#X.X.X#..#XXX.X.X.X.#.X.X.X.X.X.X.X.XX.XX.X.X.X.X.#.......X.X.X.X...X.X.X.XX#.XXX.X.#.X.X.X.X.X.X.
X.#X.X.X.#.X.X#.X.X..#XX.X.X.X.X.X.X.X.X...#....X.X.XX.X.X..X.#XX.XX.X.X.............X............X.....#X.X.#...XXX#XXX....X.#.X..#.X..X..X........X.#X.X.X.#......X.XXX................#........X.X.#X.XX..XXX#X.X.X.X.......X.X......X.#X.#...#...........X..
#...X#........#...X.XXX....XX.X..X.X..X.X.#.X.X......X.X.X#XXXXXX.X.X.#.X.X.#.X.X.X.X..X.X.#.X.X.XXX.#X.X.##..X.X.X.X.X.X.#......X..X.X..XX.X.X.X.#............X.X.X.X.X.X.X.X.X.#X.###.XXX.X.X.#........X.#X.X.X.X.#.X.X.X.X.X.X.X.X.X.#......#..#.X.X.X.X.X.X.
..XX...#.X.X.X..XX.X.X.X.XX.#...X.X.X.#......X.X.##.X.X.X.X.X.#X.X.......XXXXXXXXXXX..#..#X...X...X....#.....X............#X.X.#...X#...X......##.X.X.X.X.#.X.XXX...........XXX#X..#..X.XX#.X#.#X.#.X#X#...................#.........#....X.#X.#.XXXX#XXXXXX....
X.X.X.#.XXXXXXX#X.......X.....X.........#.X.#.....#...............X.X.X.X.X.#.X.X.X.#.X.XXX.X.X.X.#X.XX.X.X.X.X.X.X.X.X.X.X#XXXXX.X...#..X.##.X.X#.X.X.X.X.X.#.X.X.X.X.X.X.X.X.#.X.X.X.X.X.X.X.X.X.X.X..X.XX.X.X.X.XX.XX.X.X.X.X.X.X.X.X.XXXXX.XX.#.X.X.X.X.X.X.
XX....#..X.X.X.#.X.#.X.X.X.X.X.X.X.X.X.XXXXXXX.X.#XX.X#XX.X.X.X.X....#...............X.X.X.X.X.X.X.#.#...XXX.....X.X.X.X.X.X.X.X.X.X.X.XX....#....................#.X.XXX##............................#.X.X#.X.X.#.X#.X#.X.X.X.X.X.X.X.#.X.X.X.X..............#
XXX.##..X......#....#.......#.....X.#.X.X.X.X.X.X.X.X.X.X#.X.X.X.X.X..X.X.X.#.#.#X.#.................#X.X.X.X.X.X..........#.............#.X..#.X.#.#.X.X.X.#.X.X......#.#.X.X.#.X.X##.X.#.X.#.X.X.#.X............................................#.X.X.X.X.X.X.
X#.....X.X.###...X.XXX.X.X.XXX.X#X................................#.X#XXXXXXXXXXXX.X.XX.X.X.X.XX.X.#.X.........X.X.X#X.X.X...##X.X.X.X.X.X#..#X..XXXXX#X.X.X#.#X..X.X#........#...X.X.X.X.#.X.X.X...XX#.X.X.X#.X.X.X.X#.X.X.X.X#.X.X.X.##.X.X.X#.X.XXX.##X...#..
X.X.#.#......X.XX.#.X.X.X.X.X.X.X.X.X.X.X.X.X.X.X.X.#.X.X.X.X.X.X.....#.#.X.X.X.X.#.X.X#.X.X.X.##.X.X.X.X.X.X.X.....X.X.XX.#X.X.X.X.X.##X..X.#..X.X.X.#.......##X..X...X.X.X.XXX.X................XX.X.X#.X.XXX.X.X.X..X...XXX..X.X.X.XX.X#..XX.X#.XXX....X.X.X.
.....X.X.X.XX.X.X....................XXXX#...X..#X...X..#.#XX#XX..X.X..................................#.X.X.X.X.X.X....X.X.#.............X...#.......#X.X.X.X...X.X.X#..#X...X.X.XX.X.X.X.X.X.X.X.....X.X.X.X.......X..X.X.X.X.X...........#.......#..#.X......
##.#......X.X.....#.X.X.X#.X.X#.X.X#X.X.X.X.#.X.XXX.XXX..#..X.X.#.#X..X.X.X.X.X#.X#.X.X.X.X.X.X.X#.#.X............#XX.#.......X.X.X.X.X.X.XX#..X.#X.#.X.X.X.X.X.X.X.X..#.XXX.X....#.X.X.X.X.X.X.X.X.##........X.X.X.X.#..X.......X#X.X.X.X.XXX.X.X.XXX..XXX#.X.X
.#..X.#.#X....#.XXXXXX....XXXXX.X#X........X#..X.##X.X.X..X.......#.XX.#XX.XXX.XX.XX.XXX.X.X.X..X.#..X.X.X.X.X.X.XXX...X.X.X.X#XXXXX#XXX.....#..#XX#..................X.X.X.X.X.#...................XXX.X.X.X.#..#......X.X.X.X.X.X.X.X.X.X.XX#...#X#..X.#.#X...
.X.XXX.X..X.#.#.X.X.X.X.XX.X.#.X.X.X.#X.X.#.#.X........X.X.X.#X.#X......X...#.........X........#....X.X#.#..XXXXX#X.X.#...X.X.#.X.X.X.X.X.X.#..XX##XX.X.X.X.X.X.X.X.#............X.X.X.X.X.X.X.X.X.X.X.X.X.X....XXX.X.#......#...............X#X.#.X.#.......X.X
..XX#...#....XX#.......X...............#......#X.X.X.X..#......#...#X.XX.X.XXX.X.X.X.X.X.X.X.X.X.#.X......#X.X.X.X....#X.X.................#.X..#..XXXXXXXXXXXXXXXXXXX.X.#.X.X.X.X.X#X.X.X.#..XXXXX.........#.#.XXX.X.X.X.X.XX.#.#.X.X.XX.X.X.X........#X.##....
.X.X.#.#X.###.##X.X.X.X.X.X.X.X.X.X.X#XXX.X.#.....#XX..#XX.X.X.X.X.X.X.#....X...XXXXX.....#.X.X.X.X.XX.#.X........X.X...X.X.X.X.X.#.XX.X.X.X...X..X.#.X.X.X.X.X.X.X.X.X##.X.X.X.X.X.#.#.X.X.X#.X.X.#.#.X.#.X.X.X.X.#.X.X.X.X#.X.X.#.X.X..X.....X.X.X.X...XXX.X.X
...................#......##XX.X.X.X.X.X.#.X.#.X.X##.X.XXXX.X.X.#........#.X.X.X.X.X.X.X.X..........X...X.X.X.#X.X.X..XX.....XXXX###X.X.X...X.#.X.....................................................#XX...............................#.#.X.X.X.X.X..XX.X.X.X.
.X.X#X.X.X.X.#.X.X.#.X.XX.XXX................#..XXX.....#X#.....XX.#X.X.X...............#XX.X.X.X.X..X.#.....#......X...X.##X.X.X.#...#..X.X.....#X.#.X.X.X.X.X.X.X.X.X.X.X.X.X.X.X.X.#.X.X#.#.X.X.X.XX#XX.X.#.X.X.X.X.X.X.X#.X.#.X.#.X....#.........X.X........
X.X.X.X.X.X.X.X.X.X.X##.X#.X.X.#.#.X.X.X.X.X#.X#.#.X.X.XXX..#.X..X##.X.X.X.X.X.X.X.X.X.X.X...#...#..X.X.X.X.XX#.X.#...X#............#...X.X.X.X.#....#...X.X..#..X.X.XXX.X.#.X.XXX...X.XXX.#X.X.X.X##.X.X.X.X.X.X.##X#X#X.XXXXXXXXXXXX..X.XXX.X.X.X.X.X.X.X.X.X.
................................X.X.XXX.X.............#XX.X..#..X.........X#XXXXXX##XXX...X.X.X.XX#.......X.XXX.X.X.X..XX.X.X.X.X.X.X.#........X.X#.X.X.X..X.X.X#X.X..X....X....#X#.X...X.....X...#........................#X.X.X.X.X.#X...#XXXXXX.........##X..
X.X.X.X.X.X.X.X.X.X#.X.X.X.X.X.X....##...X.X.X.X.X.#.XX#....#X#..#.X.X.X.X.X.#.X.X.X.X.X.X....##.XX#X.X.XX.X.X.X.X.X.X#.X#.X.#.X.X.#.XXX.X.X.#X........#..#.X...X....#.X#.X.X.X#.X.X.X.#.X.X.X.X.X..X.X.X.X.X.X.X.X.X.X.X#X.............X.X.X.X.#.X#.##X.X#.X.X.
...X...X...X#..X#X.XX.X#..X...X.X.#....#XX#.X.X.#X.X.XX#X.X..#..X...###...................X.#.....#...XX.X............................#.X.X.X.##.X.X.X..#....X.X.X.#........................X......X.X.X.#.X.##X..XX.X.X.X.X.X.X.X.X.X.X...........##.X.#.X.....
X.X.X.X.X.X.#.X.X.......##.X.X.....X.X.X.##...X.X.X.X.#....#.X.X.X.X#XXX.X.X.X.X.X.X.X.X.X.#X.X.#..X.X.X...X.X.XX.X.X.X.X.X.X.X.X.X.X.............XXXXX.X.X.#......#.X#.X.X.X.X#.X.X.X.X.X.X.X.X.X...........#X.#X.#..........XXXXXX#...X.X#.X.#.X..........#.X.
.....X...X...X....X.X.X.X.....X.X.X.#.......X...........X.X.#........XXX.X.X.X.X.X..X...X....XXX..XX#....XX.X.#X.#X#..#..#.#X.XX.X#X#.X.X.X#.X.X.X.X.X.X.X....X.X.X....#.X..#.#.X...X..##X#.....X.X.X.X#XX.#.........X.X.X.X.X.X.X.X.#.X.X.XX.X..X.X.X.X.#.X.X#.
X.X.X.X.X.X.X.X.#X.X.#.X.X.X.X..#....X.####X.X.#.X.#.X.XXX#..X#X.X.XX.X.X.X.X.X.X.##.X.X.X.X.XX.#..X.X.XX.........X#X..#...X.X.X.......X....X...X.........X.X..XX#XX.X...X.XX#..XX.X.X.X.X.X.X.X.....X.X.X.X#XX.X.X.XXXXXXX##.................#.X.X.X.X.#.X..X..
XX....X....................X.XX..#.X#....##....##XX.X.X.X.#.X.X.XX.X........................X.....X......X.X.X.#.X..X.XXX.X....XX.#.X.X.#.#..X.#XX.X.X.X.X.X..X.X.X.X#.XX.X.X.X..##...#.......X.X.X.X.....#.X.X#.#.#.#.X.X.X.X.#.X.X.X.X.X.X.X#X..........#.#XX.
X.#.#..XX.#.X.X.#.X.X.#X.XX.#.##..X#XX.XXXX.X.#..X..............#.X.X.#.#.X.X.X.X.X.#.#.X.XX.#.X.X.X.X#.X...#.#....X.X.X.X.X.#..X..#.....X..#.XXX...###.....X.......#X.X........X..X.X.X.X.X.#.....X.X.X#......................#X.X.X#XX#...X.X.X.X.#.#X.X...#..
....X.X..X#X#XXX..X.X.XXX........X.X#.X#.X.X.X#.X.X.X.X.X.#.X.#.......XX.X.X.X..X.X.X.X.X.X.....#......X.X.X...X.#...........X.X.XXXX.X.X#X.X..X.X.X.X.X.#.X.XX.X.X.X.X.X.X.#.X..X........X#XXX.X.#.....X#X.XX.X.X.X#.X.X.X.X.X.X.X.#X.X.X.#.......#..X...##...#
.##X....X.X.X.X.#X.X.#.X.X.X.X.X.X...................XXXXX...X..X.X.XX........#X.X.X.X.X.X.X.X.XXX.#.XX.....#.#X#.X.#.X.#X.##....#.X.X.X.X.X.#..........X....X.#X#.........#.#..X.##X.##XX.#.X.X..#X.##X.X.#X.X.X.XXXX..#.X.X.X.............X.X.X.X.##.X.X.X.X..
#.X.X.#.....................XXXXX..X.X.#.X.#.X.X.X.XX.X.X.X.XXX..X...X#.X.#X.X................XXX...XX.X.X.X#..X...XXX#X##.XXX#X...............X.X.##.XX.X.#....X..XX.X.X.X...#........X........X##................XXX.##X.X.X.X.X.X.X#X.X.X...#XX..........X..X
.......X.X.#.X.X.#X.#X.#.X.X.X.X.X..X.X.X.XX.X.X#.#X....X....X..X.X.X...X.X...X.#X.XX.X.X.XX.X.X.X.X.....#X.X.X.X.X.X.X.X.X.X.X.XX.XX.X.X.#.X.XXX.#...#.....X.#..XX.#.X.X#..X.X.#.X.X.X.X.#X.X.X.X..X.X.X.X.X.X.X.X.#.X.#.......X.X.X.X...X.X.X.XXX.X.XX.X.XXX..
#.X.X.XXXX#XXXXXXXX.#XXXXXX........X......X.X.X.X.X.X.#..X.##.#....XXX.X.X.XX....XX.X#.X.X.X##......X.X.X.X.....................#.X.X#.X.X.X.X.X...X.XXX#X.XXX..X....#.X.X.X.X.XX..XXX......#.....X#X.X..X.X.X.X..........#X.X.X.......X.X....#..#...XX.X.X.#..X
.X.X.X.X.X.X.X.X.X.X.X.X.X.X.X.X.X.XX.X.#.............X.#.#.#...XXX.#..#...#.XX.X.X............X.X.X..##....X.X.X.#.X.X.X.X.X.X..................##.X.#.X.X.X.X..X.#...........X.#X.X.X.X.X..X.X.X.X.X.XX.......X.X.X.X.X.XXX..#X.X.X.X.X.X.X...#X#.X........X..
..............................#...X.#..XXX.X#X.X.X.X#X....X.X#X.#.....X#.#....#X....#.#.X.X.X.X.X.#.X..X#X#..#XX...X#X.XXX.X.X..X.X.X.X.X.X.X#.X................X...X.X.X.X.##...........#..X.#........X.X.X.X.X.X.X.X.X.X.#.X....##........##.#X#...X.X.X.X...X
.X.X.X.X#.X.X.X.X.X.X.X.X.X#.X.X.X....X.X.X.#.X.X.X.X.X.X.....XX.X.X.X.X.X.X.X.X#.X#X.X.X.X..X........X.X.X.XX#XX.X..#.XXX...#.#...XXXXXXX..#.X..X.X.X.X.X.X.X.X.X.XXXXXXXXXXX.X.X.X.X.X.X.X...X.X.X.#......#................X.X.#.#X.X.X.X.X.X.X.X#....X.X.XX..
#...#.#..X.X#X.X.X..X.XX..#.X..X.#X.#X.................#.X#.X#......X#....X........X.X.X.X.XX.X.X.X#XX.......#.#.X.X....X..#X...X.X.X.X.X.X....#..X..##.X.X...X.....X.X.X.X.#.X.X.X.X.X.X.X.X.X.X.X.XXX.X##.X.#.#.X.X.X.X.#X..#......XXXXXXX........X.XX....X..X
.X.X....X...X......X.X.X.X....#.#...X.X.X.X.X#.X.X.X.X........X.X.#X...X#X.#.X.X.XX........X.....#.X.X#.X.XX#......#.#.X.X.X.X#..#..........XX.X#X.X....#...XX.X.#.XX................................#.X.X.X.X..X.X.X.X.X.X..X#X.X.X#.#.X.X.X.X.X.#X.X.#X.#..#.X
....##.X.X.X.X.X.#X#....X.X.#.....X.X....#XX....X..X.X.##X.#.X...#..X.X.#...X.X.#X.#.X.X.#..#.#.X........##.#.#X.X.X#...........X#X.X.X.X.X.X.X.X..X.X.XXX.X.....X.X..X.X.XX.X.X.X.X.X.X.X.X.X.X.X.X..........##.X.X.X.X.X.X...X#.X............#..........X.X.X.
.X.X.#.........##X...X.X.....X.XX..X..X.XXX..X.#XXX.X.X.X.X.#.X.X..#......#...........#...#....X..X.X.X.X.......#...XX.X.X.X.#.X...XXX...XXX......#.X.X.X.#.X.#.#.X.X..#XXX.X.X.X..#..XXXXX.##X.XXX.#.X.X.X##..............#.XX....X.X.X.X.#X.X.X.X.X.#X.#......
..X..XX.#X.X.X.XX.X.#...X.##.XX.X#X.X..X.X.XX#XXX.................#.X.X.X..X.X.X.X.X.XXX.XX#X.X.#..XXX.X.#X.X.X..X.X.#X.X.X.#.X.X.X.X.##X.X.X.X.#..............X......XXX.......X##.#X.#.X..X....X..#XXXXXXX..X.X.X.X#.X.X.....X.#...X.X.X...#.....#..#...X.X.X.
.X.#..X.XXXXXXX......##...#XX.X...#...X....X.X.X.X.#X.X.X.#.X.X.#...#..XXX.X.X.#.#.X.XXX..X...X...#.#........X..#..............................#XX.X.X.X.#.#X.XXX.X.XX.X.X.X.X#.....#......X.##.X.X.X.X.X.X.X..X...#.#X.XX.##.X...X.#.X.X.XX#X.X.X.X.#XX.XX#X#..
.....X.X.X.X.#.X.X.X.X#X.XXX....#...X.XX.#...........XXXX#X.X.X.X.X..XX.X.X.X.X.X.X.X.X.X#.X.X..XX....##X.X.X.X.#.X.X.X.X.X.X.XX.X.X.X.X.X.X.X.XX##XXXXXXXXXX..X...X........X...X.X#.X##.X....................XX.X.X......XX...X.XXX#.....#.X.X.X.X.X.#.X.X.X.X.
.X.X.............X#.X.X.X.X.X.X.X##X.X.#..X.XX.#X.X.#.X.X#.X.X.X.X.X#.X.....................#.X..XX.X.#.X.X.X..X.X.X.X.X.X.#.X.X#.X.#.X.X.X.X.#.X.X#.X.X.X.X.XX.X.X.X.###X.XXX.X.#X...X.X.XX#X.X.X.#X.X.X.X.##X.X.X.#.X.X.X.X.X...X...X.X.......................
..#.X.X.#.X.X.X.X..............X.........XXX.X##.X.X....................#.X.X.X.#.X.X.X.X.X.....#....#...#.X.#................................................#...#.....#...X......X.X....X.XXX.X.X..XXXXXXXXX.......##X......X.#..X.X.X.X.X.X.X.X.X.X.X.X.X.X.X
.#.....#..XX.#.X.#.X#.X.X.X.X.X.X.X.#.X.X##..........#.X.X.X.X.X.#.#.X.X...X#X...X..#XXXXX..X.X#.X.#.#.X.......#.X.X.X.#.X.X.X.X.X.X.X.X.X.X.X#.X.X#.X.X.X#.X.#.X#..#.X..X.#.X.#X#....X.#....X....X.X.X.X.X.X.X.#.X.#.X.X.X.X#.#..X.......##..X...X...X.##..X...
..X.X.XXXX.X........#X...X...X.....#...X.X.X.#.X#.X.XXX.X.X.#.X#X..X.X#X.##...X.#.X.#.X.X.X..X......X...###.X.XXXXXXXXX.X.XXX.XXX.X.X#X...X.XX.X.X..X.X....X......X..X..#.#....X...X.X...##.X.#.#................X.......XXX.....#.#.X.X.X#XX#X.X.X.X.X....XX#.X
.#.X.X.X.X...X.X.#.XXXX.#XX.X#X.X.X.X.X.......#XXX...##...........X.X.X.X...#......#........XXX.#X.X.X.X...X.X.#.#.X.X....##...#..X.X..#.X..X..X..X.#...X.X#X.X.##..#XX....X.X..X.X.X.X.#.......#X.X.X.X.X.X.X.#X.#.#.X.X.X.X.X.X.....X...XX.X.X.X.#.X.X#.#XX...
X..........XX.X.X.X.##.X.X.X.#..X.X..#.X.X.XX.XXX..X.XXX.X.X.X.X.X.......XX.X.X.X#.#X.#.X.X..X....X#....#.X...........#.X.X.X.XXX.....XX#..X.X..X.....XX.X..X.X.X.X..#X#.X..#..#........#.#.X#X.XXXXXXXXXXXXX#X......#.........X.X.X.X.X.X..............X.#X.X.X
..#.X.X.X.X.#..................X.X.X......XX.X.X.#X.X.X.X.#.X.X.X.X.X.X.X.#X.XX##X.XXXXXXX.#..X.X#.X.X.X....X.X.X.XX.XXX.......X..X.XX.X.X.....X.X.#.X.#...X.X.X....X.XXX..##.XX#.X.X.XX.X.X.X.#.X.#.X.X.X.X.X.X#.X.X.X.X.X.X.#.....X.....X.##.X.#.X.#.X.#......
#.X..X..##....X.X.X.##X.#.X.#.X......X.X.X......................#....#.......#X.X.X.X.X.X..X.X..X.....##X.#X.X.XXXX.X.X.X.X.X.X.X..X.......X.X.#....X....#......X.X....#.X.X.X.X.X.X.X.X........................#X#X...XXXXXXX.X.X.#XX.X.X....X...#..#...###.X.X
...X#.#X...X.XXXXXXX...XXXXXXXX#.X.#X.X.X.X.X.X.X.X.X.X.X.#.X.#...X.#..X.X.#..............X.X.X..X.X.X..........X.........#X......X.#.X.#X..#XX..X.X#X.X.X.X.X#...#.X.X...X..............#.#.X.X.X#.X##.X.X.X#.X#.X.X.X.X.X.X.....XXX...X.X.X#.##..#..##....#..#
X.X.#.X.X.X.X.X.X.X.X.X.X.#.X.X...#..........XXXXXXXXXXXXXXXXXXX.XXXXX.X.#.X.XX.X.X.X.X.X.......#...#..X.X.X.X.X.X.X.X.X.#X.X.X.X.....X.X..X.X.X.#X.....X.X.X..X.XXX....#..#.#.X.X#.#.X.X.X..X.X.X....#X...X.................#####.X.X.X.....#....X#.X..X.X.X.X.
..........X.....................XX.#X.X.X#.XX.X.X.X.X.X.X.#.#.X.X.X.#.X.X.X.X.X#.XX.X..X.X.X.X.#XX.##X..XXX#X.......#...#......#.X.X.X.#.X........XX.#.X......#.X.XXX.X.#.X..X..X...#X..#...X.X.X.XX.X#X.X.#.X#X.X.X.X.X.X.X............X.X.X.X.X..##.X..#...X..
X.X.#X.X.X..X.#.#.X.X.X.X.X.X.XX.......#.X#.X....................................#.X.XX.....XXXXX..X..#X.X.X.XX.#.X#..X.#.X.X.X.....X....##X.X.X.X....X.#.X.#......#.X.X.X.#..X.X.X.XXX..#.#......X.X.X.X.X.#.X.X.X.X.#XX.X..X.X.X.X.X#X...#..X#X.X#X..X.X#.X.X.
...#.#.X#.X..#.X#XXX.X.XXX.X....X.##X.X.......#.X.X.X.X.X.X.X.X#.X.X.X.X##.X.X.X.....#.XX.XX.X.X.X..#.X......X.X.X..#X.X.X.X.#.X.X.XX#.#.#X.##X.X.#.#X.....#..X.X.X..........#.#.X.X.X.XXXX..X.##......................#....X...X.#.X.X.X.X.X..X.X.X.X..........
.##...X.....#.....X..X..X....#.X.....X.X.X.X.X.#.X#X.#XX.XXX.XX.X#X#..X....#X.X#.X.X...#.X.X...#...X..#X.X.X.#.....##...........XXXXX..#..............X.X.#XX..X....#.X.X.X#X..........X.X.X..#XX.##.X.XX.X.XX.X.X.X.X..X.X..X.X..............X........#.X.X#.X.
.X.X.X.X.X.#.X.X.X.#...X.X.X.X.XX.X#.#....XXX.........X...#X.........#..X.#.....X.XX.X.......#.#.XX.X.X...#....X.#....X.X.#X.X.#.X.#.X..X.X.X.X.XX.#.X...#XX..X.X.#.X..X...X.X.X.X.X.X.......X.X.X..XX#.X#.X..#XXXXXX..X.X..#...X.X.X.X.#.X.X..X.#.X.X.XX...##..
X.........X...#......#......X.X.#...X#.X.X.X.#X.X.#.X...##X.X.X.X.X.XXX#..X.X.X...X.X.#.X.X.X.....#...#X.X.X.X.X.XX.X.#.X.#XX..........X.X.X.X.X.X#.X.X.X.#.X....#XX.#X.X.#.....#.X.X.X.X.X#X....#.X.X.......#.X.X.X.X...#X.X.XX..###.X.X.X.X.X...X.X.X.XX.X#X#.
XX.X.X.X#X..#.X.X.#.X..X.X.X......XX....X....X.#.X.X.XX........X.X.X.X.X.X.X.X.X#........X..#.#.XX..#.......X.X.X.X#.X.X.X.X.XX.#.X.X.X...................#...X.XXX.....#X.X.X.#.......#.X.X.X.X.......#.X.X..........##.XXX.X.##....X.X.X.#.X.X.X.......X.XXX.X
#...XXX....X.X.X.X.X.#X.X.X.X.X.X...X.##.X.#.........X.XX.X.X.X.........X.......X.XX.XX.X.X.X.X..XX..#.X.X.XX.................#.XX.X.X.X.X.X.X.X.X.X.X.X.XXX.X...X.X.##.......X..#.X.X..........#.X.X.XXX..##.X.X.X.X.#...#.......X.X.............X.X.X.#.X.X...
##.X.X.X.#.....................X.#.#.......#.X.#.X.#...X.X.X.X.X.X.X.X.X.X.X.X.X.X.#X..X...X.X.XX...X..X##.X..#.X.X#.X.X.X.X.X.X.X........#...X...X...X..X#X..X.X....#.X.X#X#X..X...X..#.X.X.X.X.XXX...XXX#.#..X...X....##..X.X.##.X.X.X.X.X.#.X.X...#.......X.X
..........X.X.X.X.X.X.X.X.X.X.#.....X.X.X.XXX#X...X.##...........#..#....#..#.........X..#X....X.X.X.X#.X.X.#..XXX....X...#........#.X.X.XXX#..X.X.X.XXXX.X.#X.X.X.X...#X.X.X.X..X.XXX.#..X.X.....#X#XX.X.X.X.X.X.XXX.X..XX..##....X....X.X.X.X.X.X.X#.X.##X....
.#X.#X.X.#X#XX#X..X#.#X.#.X.#.X.X.X#.#.X.X.X.X.X.#.....X.X.#.X.X.X.XXX.X...XX#.X.XX.X...#X.X.#.....X..........X.X.XX.X.X.X.X.X.X.X..#XX...#...XX#...XXX............X.##X........X.#.X.X.X.X.#X.X.X.XX........X...XXX..X#X...XXX.X.X..X#X............#...XXX..##.
.X.X#.X.X.#.X.X.X#.X.X.X.X.X.X.X.X.X............#..X.X..X.X.X.X.X.X.X.X.XX#.#.X.#.X#.#X.......X.#.X..X.X.X.X.X....X.....X...XXXXXX#.XXX.X.X.XX.X.X.X.X.X.X.#X.#.#.X.X.X.X.X.#.XX.........#..X.X......X.X.#X.X.#.X.#.#X.X.X.X.X.X.X.X..X.X.X.X.X.X.X.X.X#.#.X..#.
#....................................#.#.X.X.X.X.XXX#..X................#.X..........#.XXX.X.X.X.X.X..XXXXXXXXX.#..X.X.X.X.X.#.X.X.#.X.X.X.X.#............#....XXX......#..#...XX.X.X.X.XXX.....X.X.X...##.................X.........X.....#.X.X.X.X.X.X.....#.X
.#.X.X.X#.XX.X.XX.X.X.#.X.X.X.X.#.X.X.X...X..#...#.X.X.X#.X.X.X.X.X.X.X...#.##.X.X.X...#..XXX........#.X.X.X.#..X.X.X.X........................X.X.#X.#X.XX.X.#.X.X.X.X...#X#.X....X...X.X.X#.XX.X.X.X.XXXX.X.X.#.X.X.X#X.X..X#.X.X.XXX.X.X..............#.X....
.X..XXX..#X.X.#X.XX.X..X..#X...X.X.X..XX.X#X.X.X......#....#X#..###XXXX.X...#.X.XXX..X...#.X.X.X.X.XX..........#.......X.X.X##.#.X.X.X.X.X.X.X.X.X...#.X#X.X.X.......X..XX.X.X.X.#X.X.X.....XX..........XX##.X.X.X.X.X.#.X.X...XXXXX#X...X..X.#.X.X.X.X.X..#.#.#
...X.X.X.#.......X.X.X..X...X.XX.X.X.X.X.X.##.X..X.X.X.X.X#.X.X..#..#..XX.##..X..X..X..X........X.#X.X.X.X.X.X..#.X.##....X.X.#.X.X.X.X.#.X.X.X.X.X.X...X......#.#X#X.X.X.........X....X.#.X.#X.X.X.#.XX.X.X.X...............XX.X.X.X.X.X.X..XXXXXXX.X...X.X.X.X
.#.........X.X.#.....#.X#.X.X.X.........X...X...#XX.......#....#..#...X..X.X.X.X.#X..X.X.X.X.X.X.......#.X.#.X#X#XXX...X.X.........................#.X.X.X.X.XX..X....#X.X.#.X.X.X..X.X..#.......X.X.X.X.......X.X.X.#.X.XX.X...........X...X.X.X.X....##.X.X.X.
.X.X.X.X.X.X.X.X.X.X..X..X.X.X.XX.XX.X.X.X.X.X.##XXX.X##.XXX.#..X..X.X.X.#..........X.X.X.X.X.#.X.X.X.#.X.X.X.X.X.X.X#..X.X.X.X.X.X#.X.X.X#.X#.X.X..........#X.#X.X.#.......X.#.X.#..X.X.#X.X.X.X........#.X.XX.X.X.X...XX.X.X.X.#.X.X.X..XX.......X#X.X........
#.#.X.X.X.X.X.X.X.X..#..X......X.#..X............XXX.XXX.XX#.X.X.XX........X.X.X.#.X#..............#..X.X............#.X.....##..XX#XXX.X..#..XXX..X.X.X.X.X.........X.#.X.X........#......X.X.X.X.#.X.X.X.X.X.......X.X........X.X.X.X.X...X.X.X.#.X.X.X.X.X.X.
...................#...X.X.X.X.#...X.XX.XX.#.X.XX.X.X.X.X.X.X....X.XX.X.#.XXXXXX#XX...X.X.X.X.X.X.X.X.X...#.X.X.X.X.X.X.X.X.X...X.#..X..X.X..XXX.X..X.#.#.X.X.#X.X.X.XX.X.X.X.X#.X.X..X.##X........#X...X.X.XXX.X.X.X.#.#.X.X.##X.........#X...#...........XX#..
.X.#.X.X.X.X.X.X#.XX.X......#....#...X.X.#X.X.##.............X.#...X.X.X.X.X.X.X.#.X.#...XXXXXXXXX...X..##.X.X.XXX.........XXX#X..X.X.X.....X.#....X..........X.X.X.X.X.........X.X.X.##XX.X.X.X#X.#.X.X.....X..##........X..XXX..X.X.X.X.X.X.XXX.X.X.X.X.#.X.X.
..XX#X#...X...X...#.X.XX.X.XXX.X.X.X.............X.X.X.X.X.#....##....................X.X.X.X.#.X.X.X.X..X.X...XXXX.XX.X.XX.X.X.X......X#.X.....X#X.X.X.X.X.XX..........X.XX.#.#.......#X.....X.X.X..X..X.#.X.X..##.X.X.XX.##.X.X..#.X.X.##....XXXXXXXXXXX......
.X.#.X.X.##X.XX#X......#.X.XXX.XX.X.X##X.X#.X.#.XXX#.X.X.X.X#X.XXXX.X.X.X.X.X.X.X.X.X.#X#..............#...##.X.##..#.X.X.#.....##X.X.X.#X.X.#.X......#X.#.X.X#.X.X.X.XX.##.X.X.#.#.#.X..X.#.X......X.XX..#.....XX#..X.X.X........X.........X.X.X.X.X.X.X.X.X.X.
........X..#..X.#.X.X.X.X.X.X.X.X...#.#.#.X.X#.X.X.X#.X.X.X.X.X.X#.X.X.X.#.#.X.X.X.X.X#.X.X##.X.X.X.X.X.X#.#.......X........X.X.X.X#.........#.XX.X.X.X..........XXXXX.............X..#.#...X.X.#.X...XXX.#.X.X.XXX.#......X.X.X.XXX.X.X.X.XX#...............#..
.#.X.X.X..#..X.....X..............#........#................................................#X.X...X.......##X.X.XX.X.#X.#.XXX......#.X.#X.XX.X.#..#XX.#.#.#.XX#X.X.X.X.X.X.X.X.#.#.X...#.#.....X#.X#..X...#.X.X.X.X.X.#.X#.X.X.#.X...#...X.X.X.X.X.X.X.X.X#XXX.
###X#....X.XX.X.X.X.#.X.X.X.X.X.X..##.#.X.X.X.X.#.X.X.XX.X.X.X.X.X.X.X.X.X#.X.X.X.X.X.X.X#.X...X#.X.X.X.X.X.....X.......X.X.X.X.X.X#...XX.#.#.....XXX....X.X.X...........XXX#.#..#....X.X.X.X.XX......X.X.X..X..........X..........X.X.X.X#......X.X.X.X.X.X.#.#
..##XX.X...#.....#...X...X...X.X..X....X.......XXXXX.#X.XX.X#X..X...XXXXX..X.XX.X.X#.X..##..#.X...#..X...X..#.XX.X.X.X.X.........#...#X.......X.X#.X.X.#X.X.X.#.X.X.X.X.X.#.###.XXX.X.X#.X.X.X.X#.#.X.#.....#..X.X.X.X.XXX.X.X.X.X.#....#...X.X.X............X.X
.X.#X.X.XX..X.#.X.X#.#X.XXX.X#...#..X.X.X.X.X.X.X.#.....X.X.X.X#X#.X.X.X.#...X.X.X.X...X.X.XX.#X.#.X.XX.X.X..X......X.X.X.#.X.X.X.X.XX.X.X.X.XXX........#.....#..#...#X#X.....##.X.X.X.#...........#XX..X.XX.X..#XX#XXXXX...X.X.X....X#..#.X.X..#X.X.X.X.X.X....
........#.X..XXX...X...##X..XXXX.X.XX#...XXXXX......X.X.#.....X.X.X........#........#.X...#............#....X.X.#X.X.......XXXX##..X.....XX.X.X.X.X.X.X.#.X.#...XX.X.XXX..X.X............#.X.X.X.XX.X.X.#.X#...X.X.X.X.X.X.X#...#.X.XXX.X....X#X....X.X.#.X.X#.X
#.X.X.X.....X.X.X.X.X.X.X.#X.X.#X.X.X.X.X.X.X.X.X.X..#....X.X......X.X.X#X.#.X.X.X.X.X.X.X.X.X.X.X.X.X.X.X.X......X.X.X.X.X.X.X.X.X.X.X.X.X........#...X...#.#.X#.X.X.X.X..#XX.X#.X.X.XX.X.X.X.X.X.......X.#.XX............X#.X..#.X.X.X.X##....X.#.X...........
.XX#...X#X.X.....................................X..XXXX.#XX..#.X.X#..X.X.X.X.XXX...........X.X.X.X.X.X.X.X.X.X.X#.....XXX........#....X....X.X.X.X..XX.X.XX.#X...........X.X.X.X.#X..X.X.X.X.X.X.X.X.X.XX.....X.#.X.X.#.#X....#.............X.X...X..X.X.X.X.X#
..XXX.X.X.X.X.#X.X.#X.##.X.X.X#.X.X.X.#.X.X.X.X.X.X#.X.X#.X.X.X#..X..X........##.X.X.X.X.X.X..................#...#.X.X.X.X.X.X.#...X.XXX.#X.#.X.X.#X.....X..X.#.X.X.X.X.X......#XXX.X..............#.#.X..X.XX...X.X.X.X#.#.X.X.X.X.X.X.X#.X.X.X.#.#..XXX..##X.
.#.X..........#XX.X..##.X.X.#.X#.X.XX.X..XXXXXXX...............X.X.#..X.X.X.X.......#.#...X.X.X.X.X.X.X.X.X.X.X.#.X..#......X.X.X.#.X..#.............X.X.X.X......#...X...X.X.X.X.X.#.X.X.X.X.X#X.XX.X.X.X..X..X.#............X.X.X.X.X.X.##......#...X.X.X.#...
...#X.X.##.X.#.X....#..............#.X.X#.X.X.X.X.X.X.##X.X.X.X.#....#...X##XX.X.X.X..X.XX....X.X.X.X.X#X.X.XX.X.X..X.X.X.X#.#.X.X.X.X.X.X.X.X.X.X.#....X....X.X.#XX#..X.X...#...........X.X.X.X.X.X.......X.#....X.X#X##X.X.#...............X.X.X..XX....#X.#X.
#X.....XXX.X#X..X.#...##.X.X.#.X.X.................X.#.X.X.X.#....#X..X.X.X.X.X.X.#X.X.X.#X.#X.#.X.X.X.X.X.X.X....#......X............#.X.X.X.X.#.X..X.XX#.##.X.#.#...XXX.X.X.X.X.X.X.X.X............#.XX.X....X.X...X.#X.X.X.X.X.X.X.#X.X.X.#X.X.X...#.#.......
X.X.X.X.X.X.#.X...X.X.XXXXX#X...X..X.X.X.X.X.X.X.#X............X.XXX.X......................##.................#.X..X.X.XX#.#.X.X.X.X..............#XXXXX..X.......XX..#......#X.X.X.#.X.X.#.X##.X#.XXX..X.X.X..X.X.X............XXXXXXX.X.X.X......X#...X.#X.X.
.....X..........#X.X.X.X.X.#X.X.X#XXXXXXXXXX#XX#X..X.#X.X.X.#X#.X.X.#.X.X.X.X.X.X.X.X.X.X#X.X#.#.#.X.X.X.X.X.X#...#.X.X.#X#..X..#..X.#.X.X.X.X.X.X.#.X.X.X..X.X.X.X.X.XXX.X.X.X.............#.XXX#X.XX.#.....#.X....#X.X.X.X.X.XX.X.X.X.X.X.X.X.#.XX.#X.XXXXXX..
.#X.X.X.X.X.X.XX...........X.X.X.X.X.X.X.X.#.X.X.X.....#X#X#..X........#X.XX.X.X.X.X.X.X.#.X.X.X#.X...X..X.X.#.X.X.X.X.X.X.X..#.X.#.....X...X...X........#.X...#.....##X...X...X.#.X.X.X.X.X...X.#.#.....X.XX.X.X.X.X...X.X.X.X.X................X#......X.X#.X.
X.X.X....XXX....X.X.X.#X.#...............#........XX.X..#.X.#...#.X.X.X#.X.X....................#.XX.XXXX.X.XX.#.............X.X.X.X.X.#.X.X.X.#.X.X.X.X....X.X.X.X.X.#.X.XX#.#...X.#XX...##.X#.....X.X.X.X.X......X.X.XX.........#.X.#.#.X.X.X.X...X.X.XX......
...X..X.X.X.XX.X...XXX##.X.##X.X#X.X.X.#...X.X.X.X.#X..X......X.X..#.........#.X.X.X.XX.X.X#.X.X#...XXX.....X....X#.X.X.#X.X.#.....#XXX...X...##..XXX.X..X.X.....#.........#...X.X..XX#.X.X...XX.##....X....#.X.X.X....#..#X.X.X.X..X.X..X..#.#..X.###..X..X.X.X
X.X.#..X....X.X.X.X.X.X.X.X.#.X.X.XX..XXX.XXXXX.......X.X.X.XX.X.##X#.X.X.X.X.#XX..#.X.X.#X.X.X.X.#X.X.X.##..X.X..X.XX.#X.X.#..X.#.X.X.X.X.X.X.X.X.##...X...X.X#..X.X.X.X.XXX.#....X.X.#.X.X.X.#...X.#X.X.X....X.X.X.X.#X.X.X.X.X.#X.X.X.X##.X.XX.....XX.X..##..
....X.XXX.#.......X...............#.X#.X.X.X.X.XX.XX.X.....X.......X.X.X.X.X...#X.XXX.....................X.X.XXXX.X.#........#.#..................X..X..#.XXX...XXXXXXX..XXX.XX.#.#.............X#.X.X....#.XX.......#................X#......X.X.X.X.X...#...X
X.#....X...X.X.X#X..X.XX#X#.X.X.X...............##.X#.X.X.XX#.#.##..........XX.#.X.X.X.X.X.X.X.#X.X.#X.X.#.....X.......X.X.X.X...X.X.X.X.X.X.X.X.X..X.##XXX#X..X..X.X.X.X#.X.X.X.X...XX.#X.X.X.X....X...X.X....X.X.X.#.X.X.X.X.X.X.X.X...X.X.#......X....X.X.X..
..###.X.X.XXXX#.X.X..XX.X.X..X.X..X.X#.X.X#.X.X..........XXX..#...#X.X.X.X.X............XXXXX..XXXX#XX.X#.#.X.X.X.#X.X.XX.X.X.X.X.X.X.X.X.#.X.#.X..X.X.#.X.X.X..#X..............#.X##.X.#..X.X#X.X.X..#X.XX.#.X...XXX...XXXXX...X#XXX..XX...#.X.#.XX.X.XX.X.X.X.
.X.X.......X.X......X......X.#...X..XXX#X....X..X.X.X.XXX.X.X..X.XXXXXXXX...X.X.#.XX.X.X.X.X.X#.#.X.X.X.#..X........X.X.X........................#.............XXXX.X.X.X.X.X.X........#.X#.X.X.X.X.#....X.X.X.X.X.X.X.X.X.X.X##.#.X.X..#X.X..#.##.X....#.....X.
X...#X.#X.#....#.X.XX#.##.X.X.XX#.#X.X.X.X.X..X..X...X#.#.....X.X.X#.X.X.X.X...X.X..#XX.......#...........#.XX.X.X#X......X.X.X.#.X.X.X.X.X.X.X.XX#X.X.X.#.X.X.XXX...#...X.XX#..X.X#.X..............#X.X.........#.....................#X...#..X.....X#X..X.#..X
.X.X.....X.X.#XXXXX#X...#.....X.X.X......#X.#X.X..X.X.....X.X.#.............X.X....#.X.X.#.X.#..X.X.X.X.X...#.X.X.X.X.X.XX.X.X.X#X.X.X.XXXX#XX...#XX.XX.X.#.X.X.X.X.X..##...XXX.#X.#.#.X.X.X.X.X.X#.#.#.XXX.X.X.X..X#.X.X.X.X.X.X.X.X.X..X.X..X.#.X.#.X.#..#X.X.
....X.##X....X.X.X.X.X.#..X.#......X.X.#........XX.X.X.X.XXXXX..X.X.X.X.X.XX...X.X.......#X....X.X.X.XXX..X............X.......X.X......X.X.X.#.X.X.X.X..............#X.X.#X.##X.#....X.X.X.X.X.XX......#.X#.X.X.X..#X#X..#..#...#XX...X.....X.....X......#.....
.X.X.X.X.X.#...........#.X..X.X.X#....#..X.X.X.X.#......X.X.X.#..XXX...X..#XX.#...X.X.X.XX.X.XX......#X.#X..X.X.X.X.X#.#X.#X.#....X.X.#.................#.X.X.X.X.X.X..............X.X#...........X.X.X............#..#..#..#XX.X.X.X.#.X.#.#XX.X.X.X.#.X..X.X#.
..X.........X.X.X.X.#.#.X.X#.X.X.X#.X.X.XXX#X......X.X.X........X.X.XX.X.#XX...X.#.X.X.X.....X.#.X.#.....X.X#X...#XX...X...###.X.X.X.XX.X.X.X.X.X.X.X.#..#XX.X.X.XX.X.X.X.X.X.X.X.XXXXXX.X.XX.X.X...#X..X.X.X.X##.XX.X.#X.#..X.......X.....XXX...X.....X..XX#.X.
.XXX.#X.XX.XXXXXXX...X.............#.X.X.X.X.X.X.X.#.XX.X.X.X.XX....X.X.X.X.X.#.........X.X#X.....X.X.X.X.#.XXX.XXX.X.X.X.X.X.#......X.X.X.#.X.X...X#X.#..X......X.X.X.X.#.X.X.X.X.#.#X.X.X.#X.X.XX.XXX.XX...X.X.X..........X.X.X.X.XXX.X.X.X.X.XXX.X.X.X#.X....
..X....X.X#.X.X.X.X.X..#.X.X.X.X.X............#X.XX.X.X....XXX.#X.#............X.X.X.X.X.X.X.X.X.#...X.......XXXX#...X.........X.X.#...........XX.#......X.X.X.X.#...............................X.X.X.X.#.X.X....#X.X.X.X.X.....XXXXX...X.......X...X.......#.#
.X.X.#X............#.X.X..X.X.X..X.X.#.X.X.X.X#.X.X...#.X.#.X..X...X.X.X.X.X.X#X.X..#...........X.X.X.X.X.X.X.X.X.X.X.X.#.X.X.XX.X.X.#.X.X#X.#..#XXX.X#X.X....#....X.#X.#X.X.X.X.X.#.X.X.X.X.X.#..........X.X.X.#....##XX.X.X.X.X.X.X.X.X.#.#.X#.XX.XXX.X.X.X##.
.....X.#.X.#.X.X.X......#.#.....X.X.#.X#..X.........#....X....X.#.#...X.X.X.X.X.X.X..X.#.X.X.X.#.........#...............X.X.X#.X.X.X.X.X.X.X..XX.X.X.X.X#X.#.X#.X.X.XXXXX#XXXXXXX#XXXXXXXXXXXXXX.X.X.X.#......XXX.X..XX#....X##........X...X.XXX....#...XXX..X.
X.X.X.....#...X..##.X.X##.X.XX.X........X.X.X.X#X.X#X.X.XXX.#......X.#X............#.X.X.X.X.X.XX.X.X.X.XX#.X.X.X.X.X.X.#.....................#.........X....#.X#.#.X.X.X#.X.X.X.#.X.X.X.X.X.X.X.X.X.X.X.X#.X.X.X.X.#X.#..X.X.X.X.X.#X.#XX.X.X.X.X.#X.X.X.X.X...
.#.X.X.X.##X.XXX...X.X.X.X.X.#X.X.X.X.#X.X.X.X.X.X.X.X.X.X...X.X.X.X.X..X.X.X.X.X.X.X.X.X.X.X.X.X.X.X#.X.X.X#.X#X.X.XX.X.X.X.X.X.X.#.X.X.X#.X..X.X.#.X#..X#.#..............................................#.............#........#...#.#..........#..........#.
........#.....XXX.X................#......................X.X.X.X.X.X.X..#.XXX.X.................#.X.#.......#.X.X.X.X......#X.#.X.X.#..XXX.X.X..##XX...X...X.X.X.X.X.X.X.X.X.X.X.X.X.X.X.X.X.X.X.X.X.#.#.X.XX.X.X.X.X.X.X.X.X.X.XXX.X..X.X.X.#.X.XXX.X#X.X.X..X
.X.X.X.XX.#X.X.X.X.X.X.X.X.X.#.X.##.X.X.X.##.X.X.X.X.#X.#...X...........#X..#...X.#.X.X.X#.X.X.X.......#.X.X...........#.X.XX.X.X.X.X.#X.X.X.X.X...#X#.X.X.#...XX#.X...X...#.X...X...X...#.X.X...X.X.X.X.....#XX#..#..#.X.X.X.#.X.X.X#.X.X.X.X.#.X.X.#.X.X.X.X..
..XXX..X.#..X.........#XX#XXXXXX#...X.X.X##XXXX..X.X.XXXXX.X..X.X.X.X.X##..X.X.X.X.X.X.XX.#.X.X#.X#.X.X.#.X..X#.X.X.XX.X.#.X.....................X#XX......#X.X.X..X.X.X#X.#.XX.XXX.X.#X.#...X.#.X.X....#.X.X#.X.X.X.X..#......................................#
.X.X.XX....X.X.X.X.X.#X#.X.X.X.X.X.X.X.X.X.X.X.X#.X.X.X.X.X.#..XXXXX...XXX.......X.X.#.X.........#XX....#..X.X.X...XX.X.X.X.X.X.X.X.#X.X.X.X.X.X.X.#.XX.X.##......X.X.X.X.X...X..X....X.X.XX..XX#....X.X#X........#.X.X.X.X.#.X.X.##.X#.X.X.##.X#.X.X.X.X.XX#X.X
.....X.X.#.....X.X.X.X#.......................................X.X.X.X.X.X.XX.X.#.......#X.X.X.XX.XXXX.X#..X.X..X.XX............XXXXXXX.X..#X#X#XX.....#.X.XXX.X.X.........X.#X.#X.XX.X....X..X.#.X.#X.X.X.X.X.X.##.........#.X#X....XX.X...XXXXXX.#..X..#X#.X.#.
#X.#.....#.X.XX.X.X.X.X.X###.X.X#.#.X.X.X.X.X.X.X.X.X.X.X.X.XX.......#....X...#XX.X.X.X...XX.#.#X.XXX.X..#....#.#.#X.#.X#X.X.XX.X.X.X.X.X#.X.#.X.X.#.X.X.X.X.#.X.#.X.X.##.........X.X.#.#..#...............X.X.....#.X.X.X....XXX#.#.....XX.#X.X.X..XXX.X.......
X..X.X.X..X.X.X..........#.XX...#.#X...X..#X...X..X.X.X..X..X.X.X.#.X.X.#..X.X##...#...X.X.........X.X.X.#X.#........X#.#.X.X.X....................#..............#XXXXXX.X.X.X.#...X...X.X.X#.X.#.X.X.X.X....X.X.#.X.X.#..X.X.#..XXX.X.X........X.#XX.X.X.X.X#.
.X#.#.XX.X......X#X.X.X.X...XX.X##XXX.XXX...#.X#XX.X.X.X#..X#....#......X.X.X..X.X.X.X....X.X.X.X.#.........#.X.X.X.#.X.........#.X#.X#.X.X.#.X.X.XX#.X.X.X#.X.X.X.X.X.X.X.XXXXX..X.XX.#.....#.#.X..X.X.X.XX.X.X.X........#.X....#.X.X.X.X.X.#.X..X.#......#X.X.
......#.X.X.#.XX.X.X.X...X.X.#X...XXX.X#X.X#X..X........X.X...X.XX#.#X.#....#.X.X.X.X.#X.#...#X#....X.X.X.X#X.XX.#.X....#.X.X.X##X.#.#.X#X.XXX.XXX.XXX.X.#X...X............##.X.#X...#..#.X.X.X.X.XX......X........#X.X.X....X.#............#.X..X....X.X.X.....
.#X.X........X.......XX.X#...X.X.X.X.X.X.X.X.#X.X.#X.X.X.X.X.#...X#XXXX#X.X...........#.X.X.X.#XX.X.X.XX.X.X.X.X.....X.#.X.X.X..X...X.......X...X...X..X.X.X.X.#.X.X.X.X.X......#.#.X..#...X......X#X.X.#..X.#.X.X.XXXXXXX.#X...X.X.X.#.#.X.X..X..X.#X.X.X.X#.X#
.X.X.XX.X#X.XXX.#.##..X.X..#.......................##.........X.X.X.X#.X.X.X.X##.XX.X.#........X.X.X.X.X.........##XX.X..X.X.X.X.X.X..X.X.XX.X.X.X.X..X........#..X.X...X..X#.X.....XX..#.X.X.X.#..X...#X.X.X.X.X.X.X.#.X.#X.X.#...X.X.X.X.X.X...X..X...........
.....X.X.X.X.X...#XX.X.#.X.##X.X.X.X.X.X#X###X.X.X.#XX.X.X.X.XXX............#.X.X.X#....X.X.X.XX.........#.X.X.XXXX.....#............X.XX.X..........X.X.X.X.X.#.X....#..X...XX#.X.X...X.......##.X.X.X#........................X.X..........#.X..X..X.X.X.X.X#.
.X.#..........X.X.#.........X.X.#.X.X.X.X.#.X.X.X.X.X.X.X.X.#.X.X.X.X.X.X.X.........#.X..XXX..X..X.XX.X##.X.X.#X.X.X.##..X.#.X#X.X.X...X.X.X.X.X.X.X......X.X...X.X.X..#X..X#.X.X.X.X.#.X.X.X.#.........X.X.X.X.XX.X.X.X.X.X.X.X.#.X.#.X.#.#....##..#...X...X...
XXXX#X.X##X.#......X.X.X.#.XX......................................#.X.X.X..X.X.X#.X.X.X#.X.X#.X..XX.X.#.............#X.X.X.X.X.X.X.XX........X.X.#.XX##.X....##....X##X.#.X..........#....#XXXX.XX.X.XX.X.X.X.X.X#.X.X.X.#.X.X......#X.X.XX.X.X..X..X.X.X.##.X.
.X.X.X#.X..XX#.X.X.X.X#X.#.X..X.X.X.X.X.X.X.X.X.X.X.#.X.X.X.X.X.X.XX.X.#...#...#.................X.......X.X.X.X.X.##...............X.#.X.#.XX......X.X.#.X##X#.#X#X......X.X.X.X.#.X..X.#X.X.X.#.X#.X.X.......................#.X.X#...X...X..#.X..#.....XX#.X.
........#.X.X.X.X.X.X.X.X.X.X..#XX.X..#X...X.X..#.X.###.X.X.X..X..#......X..X.X.#X.X.X.X.#.X#.X.XXX.X.#X..XXXXX#XXXXX.X.X.X.#.X.X.X...#X.X.X.#X.X.X.#.....X.#.X.X.X.X.X.#......##.X#X.X#.X...............#.X.X.X.X.X.X.#.X.X.#....#X.#X...X.XX....X..X.X.X.X.X.#
.##.X.X.......................XXX....XXX.X.X...XXX.X.X.X.X.#.#.X#XXX.X.X.#X.X.X...XXXXXXXXXX#XXX#X..#.#XXX.X.X.X.X.X.X.X.X.#.X.X.X.XX............#....X.#..............X..X.X.X..X.X.X.X#.X.X.X.XX.X#.X.X.X...X...X#XXXX#.#X#..X.X......#X.X.X.X.X..XX#.........
.XXX..X.#.#.X.X.X.XX.X.X.X.X.X.X.XX.X.#.X.X.##X.X.............X.X.X.X.X.#X.X.X.X.#.X.X.X.X.#X.X.X.X..X.X.X.........................#.X#.X.X.X.#.XXX.X#XXX#.X.X.#X.X.X.X.X..#....X............XXX#.X..XX#..##.XXX.X.X.X.#...#X.XX#XX.X.X......#X...X..#XX.X.X.X.X
..XXXX.X.X.X.X.X.#X.X.X.X.X.##...X.#.............X.X.#.#X.X.#.......................................XX.....#.X.X.X.X.X.X.X.X.X.X.X.....#.X.X.X.X.X.#.X#.X.XX.X.XXXXXXX....XXX.#X.X.X.X.X.X.XX.X.#...X.X.X.X.X.#XX#......#X.X.X.X.#.X.X.#.X.#....XX.#.##...XX#...
.X.X.#.........................#.....X.X.#.X.X.#....#.#XX.X.X.X.X.X.X.X#X.X.X.X.#.X.X.XX.X.X.#X.X.X.X..#.#..#...X.XXXXX...X.##X..X.X.X....................#.X.X.X.X.X.X.X.XXX.X.....XXXX#XX.......#............X.#.#X.X.................X..X.X.X.......X.X.X.#.X
.......X.X.X.X.X.#.X.X.X.X.X.X.X##.X.X.X.X..XXXX#.X.X..X.X.#.X.X.X.X.X.X.X##.X.#.X.X.X.XX.X.#.X#.X.X.X.#.X#X#X.X..XX.X.X.X#....XX.X.X.#.X.X.X.X#.X#.X.X.#..............#.#.X.X.X.X.X.X.X.X.##.X.X..X.X.X.X.X#.X......X.X.X.X.X.X.XX.X.#..XX.X.#.X.X.X.XXX.......
.#X.X.#.X.X.#.X.X.X.#.X.X.X.X.X.X.X.X.#.X.X#.X.X.X.X.X..................................#...............X.X.X.X..#.......X..X.X........X.#.X.X..X..X.X.#X.X.X.X.#.X#.X............##..........X.#.XX.X.XX.X.X..X.X.X#.....X.X.X.X.X.X.X.X.........X#.X.X.X.X.##.
.XXX#X.................................................#.X.X.X#.X.X.X.X.X.X.X.X.X.X.X.#...#.X.X#.X#.X.XX.......#.#X.X.X.X..X.X.X.X.X.#.X.......X.X.X.X...XXX.X.X.X.XXX.X.X.X.X.#.X...X.X.X.X.X.X.X#.X.X.X.....X..#.XXX.X.X.........#.X...X.X.X.X.X..........#...
X.X.X.X.X.X.X.X.X.X.X.X#.X.X.X.X#.X.X.X.X.X.X#.X#.X.XX.X.XX.X....XXX..#X...#.#...X...X..XX.X.X.X#X.X.#X.X.X.X.X......#.X.X........##.X...#.X.XX.......X#..X...........X.X...#XX#..#.#...#..#X.............#.X..X..X.X.X.X.X.X.X#.X....#.X...#.X.X.X.X.XX.X.XXX.X
.......#...#.X.X.X.#.XX.X.X.X.XX.X.X.X#X.X...#...X..X.X.#.X...X.X.X.X.X#X.X...#.XXX.XXX.X.......X..........#...X.X.XX....#X.X#XX.X..X..#.X.#..XX.X.X.X.X.X.X.X.#.X.X.X...X.X.#...X...X.#XX...X.X.XX.X.X.X.X.X.X..X...........#X#..#.X....X.X.........XX.#.X.X.X.
X.#.#.X.X.#..........................X.....X.X.X.#.X.......X.XXX.....X.X.X.#.#.X.X.X.X.X.X.X.X.X.X.X.X.X.##XX.X.X.X.#X.#.X.X.X.##..X.X.#X.X.#X.#..#.........XX#...XXX..#X.....X.#XX.X.#.#..XX...XX.X.X.#.X.X.X.X..X.#X.X.#.XXX#XX.X.X#X.X...#.#.X.X.X...........
..XX.......##X.X.X.X.X.X.X.X.X.X.##.X.X.##X.X.#.X...X.X.X.X.X.X.X.#.#.......................#......#.##..#.#...........#.........#...............X.X.X.X.X.X.X.X.X.X.X.X.X.#X#X..X.......#X..X.X.................#..X.X.X.#X.X.X.X.X.X.X.X.XX.#X.X.X.X.#X.X.X.X.
#..X.X.XX.X..X.X.X.X.X.X.X.X.X.X.X......X........X.X...#..........#...X.X.X.X.XX.X#X.X.X.X.X.#.X.X.#...#...X#X.X.X.X.X.X.X.X.X.X.X.X.X.X#.#.#.X#X...XXXXX..................X.#.XXXX.X.X.XX.X....#.X.#X.X.X.X.X.X..#........................#.............#X#.X..
#.X.X.##.#X.X.X.X.X.X.X.X.X.X.X.X.XXX.X..X.##.X.X.X.X.X.#X.X.X.#X.#.X.X.X.X.XX.##.X.X.X.XXX...XXXXXXX.#X.XX.X.X.X.X.#.X.XXXXXXX...#...X.#X.X.X.X.X.X.X.X.XX.X.XX.X.X#XX.X.X....X.X.#.X..X....X.X..#XXX.X.X#X.X.X#XXX.#.X.#.XX.X.X.X.#.X.X.X#X.X.X.XX.X.#.XXX..X.
..................................X.X.#.X....#..........XXXXXXXXX#.X.X.X.X.X.X...........#.X.X.X.X.X.X#.X.#..............#.#.X.X.X##.X...................X.X.X.X..X.#..X.X.X.#........X..#.#X.X.#.X.X.#.X.X.X.X.X.X.X.X.X.X.X#.X.X.X.X.X.X.X.X.X.X..#XX#X.X.X...
X.X#X.X.XX.X.#.X.X.X.#.X.X.XX.X.X...X..#X#.X.#.#.X.X#X.X.X.X.X.##..............#.X.X.X.X....................#.X.X.X#.X.X...........#X.X.###X.X.X.X.X.X.#.......#.X....#.......X.X.#.#...X#........X................................................#.#.X#...#.#.
.X.#.X.X.X#.X.X.X.X.#.X.X.X.X#.X.X#..X#.#..X.X.X#.X.X.X#..........#.##.X#.X.X.X.X.X.#.XX.X.X.X.X.X.X.X.X.X.X.X...X....##.XX.##.X.XX.....X...X.X.X.XX.X.X.X#X.X..#X#.#...#.X.#.X.X.X.X.X..#.X#X.X.X..X.X.#.#.X.X.#.X.X.X.X.X.X.X.X.X.X.X.X#.X.X.X.X........#....#
....................................X.....X.X.X.#.X......X.#.X.X.X.X..X..X...X..X...X...X...X...XXX..#X..#.X..X.XXXX.X#X.X.#X.X.#X.X.X.X.X#.......#.X.#.X.X.X.X.XX...X.#.X.X.X.X.X.X.#.X#.X.X.#.X.X..#XX.X.XXX..#XX#.X.#XXXXXX...X...XXX..XXX.X..#.X.X#.#.#.X.X.
.X.X.X.X.X.X.X.X.X.X.#.X.X.X.X.X#.X.#X.X.X#.......#.X.XXX.X.X.X.#..X.X..X.X.XX.X.X.X.X.X.X.X.#.X.X.X.X.#X.X.X.#X.X.X.XX.#.............X.....#.X.X.................#.XX#.............................#.#.....XX#.#.#.....X.X.X.X.X.X.X.X.X.XXX.X.#.X.X..X.#..##X.
..#XX...X...X...X...X...X...X.X....#X...X...X.X.X....#X...........#...X.....X.................X....##...............X.....X.#.X.X.#X.XXX.X.XXXX#..#.X.X.X#.X.#.X.X...X.X.X.#.X.X.X#.X.X#.X.X.#.X.X.X..XX.##..XXX....X.X............#.......X...X..X...X...X.#...
.X.XX#.X.X.X.X.X.X.XXX.X.X.X#...X.XX.X.XXX.X.X.X..X.XX.X.X.X.X.##..#.#.X.X.X.X.#.X.X.X.X.X.X.X.#.#....#X.X.X.X.X.X.X.X.#X.X.X.X.X.XX##X...X.X.X.XX...X....#...X..#X.#...X..XX..#X....#..XXXXX...#.XXX..##...X.X.#.X..X.X.X.X.#X.X.X.#.X.#.X.X.X.X..X.X.X.X...#X.
....##X...X..#X...XXXX.X..#..X.XXX......#.......X.X.X.....X.X.X.X.X.......#....#.X..XXXXXXX..X....X.X.XXXXXXX...#.......#X.X.X.X.X.X.X.X.X......XXX.XXX.X.X.X.X.##...X.X.X..X.XXX.#.X..X.X.XXX.##..X..#X..#.......#.X....#.X.XXXXX..#XXX..........X.......X.XX..
.X.X.X.X.X.X.X.X.X.#X.X.X.X.#.X.X.X.X.##.X.X.X.X.X.X.X.X.X.........X.X.#.XXX.X.XX.#X.#.X.XXX#.X.#.#X.X.X.X.X.X.XX.X.X.X.X.................X.X.X..#XX.X.X.#.X.X.#X.X.#......X.X.X.X.X.#......X..X..X.X.X.X..X.#.X.X.X.X.X.XX.X.#.X.X.X.X.X.X.X.X.X...X.X#.X#.#.#.
X....................................XXX....#..........#X.X.X.X.X.#.X.#.X.X.X.X...........X......#X...........##.X.X.X.X.X.X.X.X.#.X.X.X.X...#..X.#..................X.X.#.............X.X.X.#X.X.........XX.#..#.......X...............X..XXX.X.XX..X..X.#.....
.X.X.X.X.X.X.X.X.#.X.X.X.X.X.X.X.#X.X.X.XX.XXX#X.X.X.X.X.....#X.XX.............X.X.X.X.X.X.X.X.#...X.X###.X.X...............#XX...#XX.X.X.X.X.#.....X.X.X.X.X.X.#.X.XX#..#X.X.X.X.X.X.XXX........#X.X.X.X.X.X.XX..X.X.X.XX.X.X.#X.X.X.X..X#.X....#..X.X.....X#.X
...#.X.X.X.X.X.X.X##..#XXXX#.X#X.XXX#...#.X.X.X.X.#.X.X.X.X#.X.X..X.X.X.#X.#.X....#.#.#......X..X.X....#XX.XX.X.#.X.X#.X.X.X.#XX.XXX...........X.X.X.X.XX.X.X.X.X.X.XXX.XXX.X.XX.#.#.X.X.X.X.X#.XXXXXXXXXX....X.#X.X.X.X.#..#....#.#.#..X....X.#..#...#X.X.X....
.X.XX.X.X.X.X.#.X.X.##.#.X.##.X.X.X.X.X.....................X....X...#....X.X.X.#......X.X#X#.X#.X.X.##.X..X.X.X.X.X....X.....X.X.X.X.X.X.X.#.XXXXX#...#.X.X.#.X.X.X.X.X.X.X.X.X..........#.X.X..XX.#.X.#.X.#..............XXX.X......X..X.#...X.X#.X....#.#.#.X
X.X.X..................................#.X.X#.X.X.X.X.X.X.X..X.#..X.XXX.##......#.X.X.XX#.X.X........#...X.......X...X.X.#.X.X........X.X.XX.X.X.X.X.X...........................#.X#.X.X...#...X............X.X.XX.X.X.#.XXX..X#X.X.X..X...X.X....#.X.X.#..X...
#.....#.X.X.X.X#.X.X.X.X.X.X.X.X.X.X#X.X.X.XXX.X..#X.X.X.XX.X...X.#..XXX..#X.X.XXXXXXXXX......X.X.X.X.X.X..X.X.XX.X.#.....X.#.X.X.X.XX.X.X.X..........#.X.X.X.X.X.X.X.X.X.X.#.X.X#...#XX..X...X.XX.X.##.#X.#.X#.X.X#.X.X.#.X.X#.X.#.X.X.#X.XXX.X.X#.....#.#X.X.X
..X.X.X.XX.X.X.X..X...#XX.X.X.X.X.#.X.X.X.X.X...#.X......X.X.X.#....#.X.X.X.X.X.X.X.X.X.X.X#.X.X.X.XX.#...#.X.X#....#X.XXX.......X.X.X.......X#X.X.X.X...X.X.XXX.X.XXX...X...X...#.XXX#XX.#.#X.X.#.#X#X.XXXXX...........................#...X.....#.X.#.#.......
.X.X.X.X.#......#.XX.XXX......................#X.X#X.X.#.......X.X.X........................X......X....#.....X.X.X...XX.#X.X.X.X......#.X.XX.X.X#.X.X.##..X.XXX.X.#X.X.X.X.X.#.X..X.X.X.X.#.......X.X.X.X.X.X.X.X.X.X.X.X.X.X#.X.X.X.X..X.XXX.X.X...#...X.X.X.X
...........X.X.X.X.#X.X.#.X.X.X.#.X.X.X.X.#.#....#X...#.#X.X.XX.X.X.X.X.X.X.X.X.#.X.X.X#.X.XXX.X.X..X.X.X.#.X......X.X.......X.X.#.X.X.X.#.X....X.X.X.X..#....X...........X#...X.##..........#X.X.X.............#.X.#.X.X.X.#XXX.X...#..X...#...X..X.X.X.X.X.X.X
.#.X.X.X.X..#.............##XXXXXXXXXXXXXXXXXX.X...X.X..#.X.#.X........#.XX#.X.X.X...X....XXX...#..X.X.X.#.X.XX.X.X.X.X.X.X.X.......X.X.X.X.X.#.......X.X###.X.X.#.#.X.X.X...#......X.X.X.X.XXX..X.X.X.##.X#X.X.X.......#....#XX..X.XXX..X.XXX.X.#X.X.X.X.X.X.X.
XXXXXXX#XXX#XX.X.X.X.X#X.X..X.X.X.X.X.X.X.X.X.X.X.X....X........X#X.X.X...#.......X.#..X.X.X.X.XXX.#..........#..X.......#XX.X.X.X.X...........#.XX.X......#.....X.#X.X.X.X.#XX.X##.X.X.XX.#.X.XX.....XX.X.X.X.X.X.#X.X..X.#..#..#...X..#...#...................
.X.X.X.X.X.X#.X.#.X.X.X.X.X........................X#.XXX.#.#.XX.X.XX#..#X.X.#X.X...X.X#X.......#....X.X.X.#.X.#X.X.X.X.XXX.....X.X.X.X.X.X.X.X.X.##.X#.X.X..X.#X.X.#........#.X.X.X.X.#.#......##.X##...............X.X..#X.#.#...#X.X..X.XXX.X.X.X.X.X.#X.X.X.
............................#.#.X.XX.X.X.X.X.X.X.X.X...#...XXX.....XXX#......X.X.XX#.X...X.X.X.XX.X.#..X.X.X.........X.X.X.X.#.X.......X#XXXX#....#......XXX#..X......X.X.X.XX.X...........#.X.X.X..X##.X.X.X.X.X.X.X....#.....XX.X.....X..#XX.X.X#X.X.X.XXXXX..
.X#.X.X.X.X.X.X#.X.X.X.X#.X..XXXX##.X.XXX..#X..XX.X.X.XXX.X.X.X.##..X#X.X.X.X....X.#...XX..#.X.#.X.X.X#.X.X.XX.#.#.#X........XX.X.X.#.X.X.X.X.X.X...X#X.X.X.##X.X.X.X.X.X.X.X....#.X.X.X.X.##......X.....#.##..X.X.X.X.X#.X.X.X.#X.X.X.X.X..X.X.#.X.X.X.X.X.X.#.
..#.XX.X.X.X.X#..X.X.X.X#X#XX.X.#......#XX.XXXX........#.........#.X.X.#.X.X.X.#.....X...X..X.X.............#.X.X.X.X#.X.X.XX......XXX...........#X#.X.X...........X.X.X.X.X.#.X#...X..X..XXX.X.#.XXX.X.X...X.X............#..........X....X#...................
.X.X.X..........X.X.X.X.X.#.#.....X.X.X.X.X.X.#X.#X.X.#XX#.X.#X.#...............X.X.#..#X..X....#.X#.X.#.X#.............##XX.X.X.XX.X.#.X.X.XX.X.X......X.X.X#X.X.X.............#X.X.#X.#X.X.X.#...X#.#X.X.X.X.X.X#.X.X.X.X#.X.X.#X.X#.X.#X...X#X.#.X.X.X.X.X.X.
......X.X#XX.X.X..............X.X..#.............#.X.X.X..XXXXX.X#.X#X.X.X.X.X.XXXXXXX...#..X.X.X#..XXXX#..X#.X.#X.X.#.XXX......X.X......#X.X.X.X.X.X.#....X.#.X.X.X.X.X#.X.X#.X#..X............X.X...##..........X.X.#.X.##X...X..X.X.#...X.X.X.X..#X...X...X..
.X.X.X.X.X..##X#X.#.X.X.X.X.X..XXX.X.X.X#X.X.X.X.X.......#.X.X.X.XX.X.X.X.X.X.X.X.X.X.X.X..#...X.#.X.X.#X.X.XX..X.X.X.X.X.X.X.#X#...#.X.XX.##.......X.X.X.X...........XXX.X.XXX.X#X.X.#X.X.X.X.X.X.X.X...X.X.X.XXX.X.X.X.X.X.X.X.#.......X#.......X.XXX.XXX#XXX.
.##........#XX.....#.XXX#.XX.X#.X.X.X.X.XX#XXXXXX..X.X.X..........#......................X.#X.#..............X.X.............#....X.X#X.X.....#X.X.X.X.X.XX#.X.X.X.X.X.X.#.X.X....#...#.#...X.........X.X.#.XX.#.............XX....X.X.X...#.X.X.X.X.#.X.X.X.X.X
#..X.X.X.#..X.X.X.#...X.X#.X.............#.X.X.X.X..#..#.X.X.X.X.X..#.X.#.#.X.X.#.X.X.X.X..#....X.X.X.X.X.X.X.X.X.X.X.X.X.X.X..X.X.X.#.X.#.#X...XXX.......#...#...XXX..........#.X#.X....X.X.X.X.X.X.#......X.X.X.X.X.X.X.X#..XX.X..XXXXX.X#.X#.................
X#...X.X..X...#.##..X........#.X.X.X.X.#...........##.#XXXXXX#X..#.XX#.X.#.X.X...X.X.X.X.X..X.X.X#X.X..XXX........X.X.X.X.X.X.X.............##.X.X.X.X#.X..#.XXX.X.X.X.X.X.#.X..X...#.X.X.#....X.X.X.#.#X.#.......X.XX.X.#.X.X....X#.#.X.X.X#.X#.X.X.X.X.X.X.X.X
X.X.X.X.X#.XX....X.X..#.X.X.X...X...#X##.X.X.X.X.X#....X.X.#.X.X....#..........#.#.........XXX.X.X.X.X#.X.X.X.X#.X.X.X.X.X.#.X.XX#X.X.X.#.X.XXX........#.#....X##.......X.X.X.#..X.#.X.....X.X#.X.X.#.X....#.X.X.X.X.X.......#X.#X..............#X.#XX#XXXXXX...
....X......#.X###.#.#.X..X...X.X.X.XXX..XXXXXXX.X...X.#..........X.X##X.X.X.X.#X#..X.#.X.X..X..............#.X..X..............#.X.###.X.X.X.X.#.X.##.X....X#X.#.#.#.X.X#.......X.....X.X.X.X..........#.X.X..#XX......#.X.X.X....X.#.X.X.#.X.X.#.X#.X.X.X.#.X.#
.X.X..##.X.............#..X.XXX...XX#..X.X.X.X....X.X.X.X.X.##XX.X.X..#.X..XXXXX..#...X.X.X#.X.##.X.X.X.X.X#...#.X.#.#.X.X.X.#....................XXX.#X.X..X......X..X...#.X.X..#.X.XXX..X..X.X.X.#.X#.X.X.X#.X.X.X#.X.X.X.X.X.X#...XXXXX...X..................
X.X.X.X.X..X.##.X.#.X###.X.#XX.X.X.X.#........X.XX.X.X.X.X.X.X.#X.X.X.#X.#X.X.X.X..X.XX.........#X...X.X#....#......#XX.X.XXX..X.X.X.X.X.#X.X.X.XX.X.X.X..#..X.X.X#.X#.X.X#X..#.X.#...X.X#.X....#.X#................#X........#...X.X.X.#XX.X#X.X.#X.X.#.X.X.X.X
.........#X.X....X......#..X#..........X.X.X.X.X.#................................XX.X..#.X.X.X#XX#.X.....X.X..X#.X..#....##XX..XXXXXXX..X.#XX..#.......X.X#X...X.........XXX#..X..X.##......#.X.....X.X.X.X.X.X.X.X#.X.X.X.XX..X#.......X.X.X.X.#X.XXX...X...#.
X.X##.X.X....#X.X.X.#X.X..X.#X.X.#.XX.XXXXX........X.X.X.X.X.X.X.X.#.X.X.#.X.X.X.X..X.X.X..X....#X.X.X.X.XX##.#....X..X.X.#.#..X.X.X.#.##...X.#X.X.#.X.#.X.X.X.XXX.X.X.X.X.X.##X..X...X.X.X.X###.X.##.X...#.#..#.X.X.....#....X..#X.X.##.............XXX.XXX.X..
...XX#XXXX.#.......XX.X.X.#.....X.X.X#.#.X.X.X.X.X.X#X.X.XX.X.X.X.X.X.X.X.X.X.X.#.X......X.XX.XX.......#X.#....X.X#.#X.X......X...........#.........X..........##...X#..X........XXX.#...##X...X.X.X...X.X...X.XX.X.X.X.X.X.#X.#...XXX#.X.X.X.X.X.X.X.#.X.#.X.X.
#.X.X.X.X.X#.X#X.X#.........#X.#X...........#.X.X.X.X.#.X.X.........................X.X.X.X.X#X.X.X.X.X.....X.#XX.......X.X.XX.X.X.X.#X.X..#.#X.#X.X.X.X.X.X.X...X.X.X.#XX.X.#.X..X...X.X.X.X.X.X.X.X.X.X.#.#.X.#......#.........XX.#.X..XXXXX#XXX..............
..........X.X.X.##.X.X.X.X.XXX.X..X.X.X.X.X.................#.X.X.X.X.X#.X.X.#.X.X##.#.#.....X....XX.X.XX.X..X.X.X.X.X.X.X.X.#....X..#.#..X.XXX.XXX....X.X.X#X.X#.....#XX...#.X..X.X.#............................#.X.X#X.#.XX.X.X....#.X.X.X.X.#.#.X.X.X.X.#.X.
X.X.X.X.X.............X.X.X.X.X.X..#.X.XX#X.X.X##.X#.X.X.X.#XX...#.#.X.X#.X...#XX#X......#X.X.X.XX.#....X.X.X.......#..........X.X.X...X.X...X.X.X.XX.X.X.X.X.X#XX.X.X.X.X.X#..X......#.X.X.##X.X.X.#.X.#.X.X.#.#X.X.#.X.X.X.X#.X.X.#..............#X#X.X..XX#..
...#.#.X.X.X.X#X.X.X.X............#..#.XXX.X.X..XX..X...X.X.X.X.X..........X.XXX.X.X.X.#.#.....X.....X.X.X.X.#.X.X.XXXX.X.X.X.#.#....XX.X.X#........#X........#.X.X........#X.X.X.#X.XXXXX#X...XXXXXXXXXXXX#XX...X..................#.X.X.X.X.X.X.X.X#.X.X#.X.X.
X.XX......#.X.X.X.X.X.X.#.X.X.X.X#X#.X..X....X.#.X.#X#.X.......#..#X.XX.X.X..#X.......X.X.##X.##X.X.#...........X.X.X.X.X..XXX...X.X.X.......#.X.X.X.X#.#.X.X......#.X.XX.X.........X.X.X.X.X.X.X.X.X.X.X.X.X.X.X..#.X.X.X.X.#.X.X.X..#..X...XXX................
....X.X.X................#.X.X.X..X....X.#X.#.......X.X.X.X.X.X.X.X.#X.X.X.X...X.X.X.#............#.X.X.X#.X.X.X......##.##.X.XX..X.#.X.X.X.X...X.......#X.XX.X.X.#.X.X.X#.X.X.X.X.X...........................#.X.XX.X.X.XXX.X.X.X..#..X.X.#.#XX.X.X.X.X.X.X.X.
X.X#...X#X.X.X.X.X.X.XX.X......X.X.#.#........X.X.#........#.................XX...#...X.X.X.X.X.X..X.X.X.X#.X.X.X.X.X.........#.X........#.XX#.XXX.X.X.X...X.X.X............#.#.X.X.X.X.X.X.X.X.X.##.X##.X.X.X......#......#........#.X...###..X#XXX..#..XXXXX..
..X.X.X.X.X.X.X.X.X.#X.X.X.X.#......XXX.X.X.#.X.X.X.X.X.X.XXX.X.##.X.X.X.XX.X.##.XX#.XXXXX..X.#.X.X................#..X.#.X.X...#.X.#.X.X...X...#.X#X...X.X..X...#.X.X.X.X#............#.X.X.XXXXX..#..XX.#..#.X.#.X.X.X.X...X.X.X.#....X.X.#.X.#.X.X.#.X.X.X.X.
.#..........................#..X.X.X.X.X.X.X.X.X.X.X.X.X.X.X.X.X.#X.X.X.X.##......X.X.X.X.X#.X.X.X.X.#.X.X.X.X.X.X###X...X..#.X....#.X.#.X.X.X.#......##....X.X.#...X...X...#.X.X.X.#.X.......#.X.X.X.X.X.#X..X.X.##....X.X.#...#...X.X..#......#......#........
.#.X.X.X.X.X.X.X.X.X.X.X.X.XXX..#............................................#.#.X...................#X...X...X.......X.XXX..X..X.X.............X.X.X.#XX.#.....#X.X#X.XXX.X...X...X...#X.X.#................X#......X.#.....X.XXX.XX#..#XX.X.#...X.X.XXX.X.X.X.
