.X.X.XXXXXXXXXXX.X.X.XXX.X.X.X.X.X.X.XXX.X.X.X.X.X.X.XXX.X.X.X.X
......XXXXXXXXX.......X...............X...............X.........
.X.X.X.XXXXXXX.X.X.X.X.X.X.X.X.X.X.X.X.X.X.X.X.X.X.X.X.X.X.X.X.X
X...X...XXXXX...X...X...X...X...X...X...X...X...X...X...X...X...
.X.X.X.X.XXX.X.X.X.X.X.X.X.X.X.X.X.X.X.X.X.X.X.X.X.X.X.X.X.X.X.X
..........X...............X.......X.......X.......X.......X.....
.X.X.X.X.X.X.X.X.X.X.X.X.X.X.X.X.X.X.X.X.X.X.X.X.X.X.X.X.X.X.X.X
X...X...X...X...X...X...X...X...X...X...X...X...X...X...X...X...
.X.X.X.X.X.X.X.X.X.X.X.X.X.X.X.X.X.X.X.X.X.X.X.X.X.X.X.X.X.X.X.X
......X.......X.......X.........................................
.X.X.X.X.X.X.X.X.X.X.X.X.X.X.XXX.XXX.XXX.XXX.XXX.X.X.X.X.X.X.XXX
X...X...X...X...X...X...X...X...X...X...X...X...X...X...X...X...
.X.X.X.X.X.X.X.X.X.X.X.X.X.X.X.X.X.X.X.X.X.X.X.X.X.X.X.X.X.X.X.X
..................................................X.......X.....
.X.X.X.X.X.X.X.X.XXX.X.X.X.X.X.X.X.X.X.X.X.X.X.X.X.X.X.X.X.X.X.X
X...X...X...X...X...X...X...X...X...X...X...X...X...X...X...X...
.X.X.X.X.X.X.X.X.X.X.X.X.X.X.X.X.X.X.X.X.X.X.X.X.X.X.X.X.X.X.X.X
......X.......X.......X.......X.......X.......X.......X.........
.X.X.X.X.X.X.X.X.X.X.X.X.X.X.X.X.X.X.X.X.X.X.X.X.X.X.X.X.X.X.X.X
X...X...X...X...X...X...X...X...X...X...X...X...X...X...X...X...
.X.X.X.X.X.X.X.X.X.X.X.X.X.X.X.X.X.X.X.X.X.X.X.X.X.X.X.X.X.X.X.X
..........X...............X...............X...............X.....
.X.X.X.X.X.X.X.X.X.X.X.X.X.X.X.X.X.X.X.X.X.X.X.X.X.X.X.X.X.X.X.X
X...X...X...X...X...X...X...X...X...X...X...X...X...X...X...X...
.X.X.X.X.X.X.X.X.X.X.X.X.X.X.X.X.X.X.X.X.X.X.X.X.X.X.X.X.X.X.X.X
......X.......X.......X.......X.......X.......X.......X.........
.X.X.X.X.X.X.X.X.X.X.X.X.X.X.X.X.X.X.X.X.X.X.X.X.X.X.X.X.X.X.X.X
X...X...X...X...X...X...X...X...X...X...X...X...X...X...X...X...
.X.X.X.X.X.X.X.X.X.X.X.X.X.X.X.X.X.X.X.X.X.X.X.X.X.X.X.X.X.X.X.X
..................................X...........................XX
.X.X.X.X.X.X.X.X.X.X.X.X.X.X.X.X.X.X.X.X.X.X.X.X.X.X.X.X.X.X.X.X
X...X...X...X...X...X...X...X...X...X...X...X...X...X...X...X...
.X.X.X.X.X.X.X.X.X.X.X.X.X.X.X.X.X.X.X.X.X.X.X.X.X.X.X.XXX.X.X.X
......X.......X.......X.......X.......X.......X.......XXXXX.....
.X.X.X.X.X.X.X.X.X.X.X.X.X.X.X.X.X.X.X.X.X.X.X.X.X.X.X.XXXXX.X.X
X...X...X...X...X...X...X...X...X...X...X...X...X...X...XXXXX...
.X.X.X.X.X.X.X.X.X.X.X.X.X.X.X.X.X.X.X.X.X.X.X.X.X.X.X.X.XXX.X.X
..........X...............X...............X...............X.....
.X.X.X.X.X.X.X.X.X.X.X.X.X.X.X.X.X.X.X.X.X.X.X.X.X.X.X.X.X.X.X.X
X...X...X...X...X...X...X...X...X...X...X...X...X...X...X...X...
.X.X.X.X.X.X.X.X.X.X.X.X.X.X.X.X.X.X.X.X.X.X.X.X.X.X.X.X.X.X.X.X
......X.......X.......X.......X.......X.......X.......X.........
.X.X.X.X.X.X.X.X.X.X.X.X.X.X.X.X.X.X.X.X.X.X.X.X.X.X.X.X.X.X.X.X
X...X...X...X...X...X...X...X...X...X...X...X...X...X...X...XXX.
.X.X.X.X.X.X.X.X.X.X.X.X.X.X.X.X.X.X.X.X.X.X.X.X.X.X.X.X.X.X.X..
..................X..............................X............X.
.X.X.X.X.X.X.X.X.X.X.X.X.X.X.X.X.X.X.X.X.X.X.X.X.X.X.X.X.X.X.X..
X...X...X...X...X...X...X...X...X...X...X...X...X...X...X...X..X
.X.X.X.X.X.X.X.X.X.X.X.X.X.X.X.X.X.X.X.X.X.X.X.X.X.X.X.XXX.X.X..
......X.......X.......X.......X.......X.......X.......XXXXX....X
.X.X.X.X.X.X.X.X.X.X.X.X.X.X.X.X.X.X.X.X.X.X.X.X.X.X.X.XXXXX.X..
X...X...X...X...X...X...X...X...X...X...X...X...X...X...XXXXX..X
.X.X.X.X.X.X.X.X.X.X.X.X.X.X.X.X.X.X.X.X.X.X.X.X.X.X.X.X.XXX.X..
..........X...............X...............X...............X....X
.X.X.X.X.X.X.X.X.X.X.X.X.X.X.X.X.X.X.X.X.X.X.X.X.X.X.X.X.X.X.X..
X...X...X...X...X...X...X...X...X...X...X...X...X...X...X...X..X
.X.X.X.X.X.X.X.X.X.X.X.X.X.X.X.X.X.X.X.X.X.X.X.X.X.X.X.X.X.X.X..
......X.......X.......X.......X.......X.......X.......X........X
.X.X.X.X.X.X.X.X.X.X.X.X.X.X.X.X.X.X.X.X.X.X.X.X.X.X.X.X.X.X.XX.
X...X...X...X...X...X...X...X...X...X...X...X...X...X...X...X...
.X.X.X.X.X.X.X.X.X.X.X.X.X.X.X.X.X.X.X.X.X.X.X.X.X.X.X.X.X.X.X.X
................................................................
.X.X.X.X.X.X.X.X.X.X.X.X.X.X.X.X.X.X.X.X.X.X.X.X.X.X.X.X.X.X.X.X
X...X...X...X...X...X...X...X...X...X...X...X...X...X...X...X...
