X.X.X..XXX...X..#X..#X..XXX..X.X.X.XXX..XXX...#XX...#...#.X.....
.....#..X.X.X.X.X.X.X.X..X..X.......X.X..X..XX.X.X.X.X.X...#.X.X
X.X.X..X................X.X..X.X.#.X....X.X..#..........#X....XX
XX...X..XX.X.#.X.#.X.X#....#.XX..X..X.X.....#.X#.#.X#.XX..#X.X.X
X.X.X.X...X.X#X.X...X.#.X#.....XX.#.X#..X.#...X.X...X.X.#.......
........#X...X...#.X...X..XX.#.X......#..#..XX...X.X.X...X.#.X.X
X.X.X.#...X.X.X.X.X.X.X.X.X...X.X.X.X.X.X.X.X.X.X.....##..X...XX
...#.X..#..................XX....X...X.....#.....#.X.X.#.X.#.#.X
X.#X...XXX.X.X.X.#X.X.X.##.#.#X.X.X.X.X.#.X.X.X.#...X...........
XX..X.X.X.#.X.X.XX.X.X.##................X...X...X.X.X#.X.X.##.X
X.X..#....................X.X.X.X.#X.X.#..X.#.X#.........#..#...
....X.X.X.X.X.X.X.X.X.X.X..X...X.#X.X.X.#........#.X#.X.XXX..X.X
#X#......X..#..X...X..XX..XXX.#...........X.X.X.X....XX..#.X.#..
....X.X.XXX.XXX.#XX.XX...#.#..X#X.X.X.X.X.#..X..#X.X...X.#.X.X.#
X.X.X.#.XXXX...........X.X.X.X..#X...X...X..X#X.#...X.XX....##..
XX...X.X.#X.#XXXXXXXXXX.#...X.X.X.#.#.X.#.X....XXX.X....X.X...#X
X.X.#.....................#............X....X.X.X..#X.X..XX.X...
....XX.X.X.X.X.X.X.X.X.#.X.##.X.X.X.X.X.X.X..X..#X.#...X...X..X.
.X.X....X...#.X...X...X..#.....X...##X...X..X.#.X.X.X#X.XXX.#X..
..XXX.#XXX.XX..X.X.#.X.X..X.#.XXX.X.X.X.X.X...................#.
.X.X.X#.##XX.X.#....X....X#X...#.X..........X.X.X.X.#.X.X.X#.XX.
.X...............X.X.X.X....X.X...X.X.X.X.X..X...X...X..#...X..X
X..X.X.X.X.X.X.X..X...X..X.#..#.#....#..#X..X#X.X.X.XXX..X.X.X.X
.X..X...X..X..X..X.X.X.X..X##..#..X.X.X.X.X....X....##..X.......
...X.X#X.X.X.X..X........X.XX#.#.##....X....X.X.X.X..#.##X.X.#.#
X.#.........XXX.#X.X.#.X....X.X.X...X.X.X.X..X..XX..#.X.X...X...
...X.X.X.X.X.X....#..#X..X.#......X.#X...#..X#.X.XX......X.X.X.X
X.X.X...X.....X.X..X.XXX.X.#X.X.X.#.X.X.X.#........X.X.X.#....XX
.....X.X.#.X.XXX.X..X.X.X.#.#..X...X........X#.X.X..X#..XX#.X#.X
X.#.XX#....#.X#...X.#.........#.X.X.X.X.X.X...XX.#.XX..#.X......
...XXXXX.#..X.#X.X.X.#X.X.X.X....X....#..X..X...X..#.X....X.X.X.
X.X#XX#.X..X.............X...#.X.#.X.#..X.X..X.X.X....#.X.X..X..
...XXX...X.X.#X.X.#X.#.#X.X.X...X.#...X.#...XX....X.X..X..X.XXX.
X.X.X.X.X.X..X..#X....#......X.X#.XX.X.X..X...X.X..X..XXX..X##..
.X.........X..X.X..X.X.X.X.#.X......X....X..X..X..X.X#.XX.X...X.
...X.X.X.X.#.X.#XX.#....X..X.X.X.X.XXX.X..X..X..X........X..#...
.X..X...#......XX.X..X.X.#X..#..XX..#XX..X..XX.X..X.X.X.X.X.###.
X..X.#.X.X.X.X#.....#....X.#.X.XX.X..X.X.X#...XXX..X...X...X....
XX.X..X...X...X.X.X.XX.X#.....#X...##...X...X..#..X.X.X.X.X.X.#.
#.X.X.#X.X.X.X...#XX.....X.X.XX.X.X.X.X.#.X..X..X....X.......#..
..............#.X.X.XXX.#XX..X.......X...X..XX.X..X#..#.X.#.X.X.
.#.X.X.X.X.#.X..#......X.X.X..XXX.X.X.X.X.X...X.X...X#.X...X....
..X...X...X...XX..X.X#.......X...#..........X.#.#.X.....#.X.XXX.
.X#X.X.X.X.X.XX.#X.#...#.X.X.XX.X.X.X.X.X.X..X.....X.#.X..X...X.
..#XX.......#....#...##..#..X...X.#..X...X..X#X.X.#X..X.X.X.XXX.
.#.XXX.X.X#XX.X.X.X.XX.XX..X..#.....X.X.X.X...#X....X..........X
....X.X...X..X.....#......#XX.##X.X.X.....X#.X..X.X.##.##.X.#.X.
.X.XX.XX.XX.X.##X.X.X.X.X.XX.X.#.X..X.X.XX...#.X...X.#..#..X....
..X.....X.............X#.X.........X..X..##X....X#.X...X..X.XXX.
.X.#X.#X.X.X.X.X.X.X.X.....#.X.X.X..X..XX....X.X.X..X##.X......#
X...........#...X...#.X.X.#XX...X..X..X..X.X.X....X..#....X.X.X.
..X.X.#.X.#X.X.XXX.#X.#X..X#.X.X#X..#..X...#X..XXX.X..X.X..XX#..
.X..XX..XX......XXX......X.....X.#.X..XX.X.X.#......X##X..X.X.X.
X..#...X...X.#.X.X.X.X.X..#.X.X.....X...XXX....XXX.X.XXXX.......
..#.X.#.X.X...X.......X..XX#...X.X.X..X..X.X.X....X...##..X.#.X.
X...X#.....X.X.X.X.X.X.X.XX.X.X.#...X.X.X...X..X.X.X.X.XX..XX..X
..XX..X.X.X.X.....X....XX........X.X...XX#.X.#.#.........#...X..
X.XX.X.#.X....#X.XXX.#X..X.X.#.X#...X.X.#.......#.#.X#.X..X.XX.X
.X.........X.X....X#..X.X.X..X.X.X.X....#X.X.X.#.#....X.XX.X..X.
...X.X.X.#..X..#.X..##......#.#.....X.X.XXX..##..XX.X........#..
.X..X...X..XXX.X#.#....X.X.#X..X.X.X...X.X.X....X...X.X.X.X.#..X
#..X.X.X#X.XX.X.....X.X..#.X.#.#X...X.X......X.X.X.#...X...X#.#.
..X....XX.X.....X.X.X#..X.XX.X.X.X.X...X.X.X..#.....X.X.X##.#.X.
X.#.X.X.....#X.X...X...#............X.X..#.X.XX#X.#X............
